#------------------------------------------------------------
#    Intel(R) MPI Benchmarks 2019 Update 3, IMB-P2P part
#------------------------------------------------------------
# Date                  : Wed Nov 27 15:15:18 2019
# Machine               : x86_64
# System                : Linux
# Release               : 4.15.0-1054-aws
# Version               : #56-Ubuntu SMP Thu Nov 7 16:15:59 UTC 2019
# MPI Version           : 3.1
# MPI Thread Environment:
#
# Calling sequence was:
#
# ./IMB-P2P
#
# List of Benchmarks to run:
#
# PingPong
# PingPing
# Unirandom
# Birandom
# Corandom
#
# Minimum message length in bytes:   0
# Maximum message length in bytes:   4194304
#

#----------------------------------------------------------------
# Benchmarking PingPong
# #processes = 8
#----------------------------------------------------------------
       #bytes #repetitions      t[usec]   Mbytes/sec      Msg/sec
            0       100000         0.70         0.00      4637460
            1       100000         0.61         5.34      5344969
            2       100000         0.68        10.41      5204513
            4       100000         0.62        20.02      5005039
            8       100000         0.80        33.95      4243228
           16       100000         1.24        42.73      2670806
           32       100000         0.76       133.26      4164471
           64       100000         1.09       182.61      2853217
          128       100000         1.41       315.20      2462465
          256       100000         1.02       927.70      3623824
          512       100000         0.96      1796.48      3508751
         1024       100000         1.41      2561.34      2501307
         2048       100000         3.24      1608.26       785283
         4096       100000         5.39      2118.90       517310
         8192       100000         8.37      2755.28       336338
        16384        51200        11.39      5565.35       339682
        32768        25600        19.57      6046.19       184515
        65536        12800        26.85      7608.32       116094
       131072         6400        61.97      6951.87        53039
       262144         3200       135.73      5571.00        21252
       524288         1600       351.86      3281.89         6260
      1048576          800      1764.56      2050.53         1956
      2097152          400      2520.41      1606.39          766
      4194304          200      5109.64      1780.17          424

#----------------------------------------------------------------
# Benchmarking PingPing
# #processes = 8
#----------------------------------------------------------------
       #bytes #repetitions      t[usec]   Mbytes/sec      Msg/sec
            0       100000         2.95         0.00      2441890
            1       100000         1.51         4.31      4309231
            2       100000         0.83        19.17      9582956
            4       100000         1.05        25.43      6356824
            8       100000         1.08        46.63      5829329
           16       100000         1.10       106.21      6638316
           32       100000         1.33       175.95      5498428
           64       100000         1.04       443.72      6933078
          128       100000         1.50       646.68      5052199
          256       100000         2.13       818.77      3198310
          512       100000         1.51      2337.77      4565962
         1024       100000         1.80      4192.18      4093921
         2048       100000         3.24      4047.82      1976472
         4096       100000         5.87      5349.58      1306049
         8192       100000        15.52      2584.58       315501
        16384        51200        13.10      7643.57       466527
        32768        25600        20.00     10377.39       316693
        65536        12800        51.34      7229.77       110317
       131072         6400      3091.50        86.88          663
       262144         3200       160.25     10978.78        41881
       524288         1600       471.90      5578.67        10640
      1048576          800      1098.59      7187.89         6855
      2097152          400      3490.64      4726.62         2254
      4194304          200      9285.72      3499.22          834

#----------------------------------------------------------------
# Benchmarking Unirandom
# #processes = 8
#----------------------------------------------------------------
       #bytes #repetitions      t[usec]   Mbytes/sec      Msg/sec
            0       100000      9330.07         0.00          857
            1       100000      9280.53         0.00          862
            2       100000      9322.04         0.00          858
            4       100000      9421.90         0.00          849
            8       100000      9383.96         0.01          853
           16       100000      9370.48         0.01          854
           32       100000      9286.99         0.03          861
           64       100000      9381.26         0.05          853
          128       100000      9357.75         0.11          855
          256       100000      9338.86         0.22          857
          512       100000      9505.55         0.43          842
         1024       100000      9436.02         0.87          848
         2048       100000      9440.21         1.74          847
         4096       100000      9326.03         3.51          858
         8192       100000      9367.94         7.00          854
        16384        51200      9298.42        14.10          860
        32768        25600      9406.96        27.87          850
        65536        12800     48092.66        10.90          166
       131072         6400     48423.92        21.65          165
       262144         3200     48084.42        43.61          166
       524288         1600     82072.29        51.10           97
      1048576          800    148218.64        56.59           54
      2097152          400    275628.57        60.76           29
[mpiexec@ip-172-31-9-123] Sending Ctrl-C to processes as requested
[mpiexec@ip-172-31-9-123] Press Ctrl-C again to force abort
