#------------------------------------------------------------------
#    Intel(R) MPI Benchmarks 2019 Update 3, MT part    
#------------------------------------------------------------------
#

#-----------------------------------------------------------------------------
# Benchmarking PingPongMT
# #processes = 8 (threads: 1)
#-----------------------------------------------------------------------------
       #bytes #repetitions  t_min[usec]  t_max[usec]  t_avg[usec]   Mbytes/sec
            4         1000         0.23         2.83         0.78         1.41
            8         1000         0.23        10.83         2.53         0.74
           16         1000         0.27        20.90         5.83         0.77
           32         1000         0.28        12.28         5.58         2.61

#-----------------------------------------------------------------------------
# Benchmarking PingPingMT
# #processes = 8 (threads: 1)
#-----------------------------------------------------------------------------
       #bytes #repetitions  t_min[usec]  t_max[usec]  t_avg[usec]   Mbytes/sec
            4         1000         0.51       396.83       101.67         0.01
            8         1000         0.48         8.83         1.66         0.91
           16         1000         0.47        16.78         4.15         0.95
           32         1000         0.48        16.80         4.15         1.91

#-----------------------------------------------------------------------------
# Benchmarking SendRecvMT
# #processes = 8 (threads: 1)
#-----------------------------------------------------------------------------
       #bytes #repetitions  t_min[usec]  t_max[usec]  t_avg[usec]   Mbytes/sec
            4         1000         0.42        16.78         4.11         0.48
            8         1000         4.78       768.38       232.59         0.02
           16         1000         0.41         8.44         2.13         3.79
           32         1000         0.42         0.82         0.62        78.31

#-----------------------------------------------------------------------------
# Benchmarking ExchangeMT
# #processes = 8 (threads: 1)
#-----------------------------------------------------------------------------
       #bytes #repetitions  t_min[usec]  t_max[usec]  t_avg[usec]   Mbytes/sec
            4         1000         1.01         1.68         1.35         9.50
            8         1000         1.02         1.67         1.34        19.22
           16         1000         1.02         1.83         1.39        35.01
           32         1000         1.03         9.04         3.39        14.16

#-----------------------------------------------------------------------------
# Benchmarking UniBandMT
# #processes = 8 (threads: 1)
# window_size = 64
#-----------------------------------------------------------------------------
       #bytes #repetitions  t_avg[usec]   Mbytes/sec      Msg/sec
            4         1000         0.98        13.61      4080329
            8         1000         1.09        19.21      3676120
           16         1000         1.20        27.73      3325008
           32         1000         1.36        49.03      2951056

#-----------------------------------------------------------------------------
# Benchmarking BiBandMT
# #processes = 8 (threads: 1)
# window_size = 64
#-----------------------------------------------------------------------------
       #bytes #repetitions  t_avg[usec]   Mbytes/sec      Msg/sec
            4         1000         0.60        21.13      6651678
            8         1000         0.60        42.38      6660030
           16         1000         0.80        58.05      5027472
           32         1000         0.95       109.92      4206481

#-----------------------------------------------------------------------------
# Benchmarking BarrierMT
# #processes = 8 (threads: 1)
#-----------------------------------------------------------------------------
 #repetitions  t_min[usec]  t_max[usec]  t_avg[usec]
         1000     25279.79     25287.78     25283.30

#-----------------------------------------------------------------------------
# Benchmarking BcastMT
# #processes = 8 (threads: 1)
#-----------------------------------------------------------------------------
       #bytes #repetitions  t_min[usec]  t_max[usec]  t_avg[usec]
            4         1000         1.64         2.18         1.85
            8         1000         1.70         2.24         1.91
           16         1000         1.74         2.34         1.97
           32         1000         2.24         3.59         2.80

#-----------------------------------------------------------------------------
# Benchmarking ReduceMT
# #processes = 8 (threads: 1)
#-----------------------------------------------------------------------------
       #bytes #repetitions  t_min[usec]  t_max[usec]  t_avg[usec]
            4         1000         2.90     39948.25     12793.59
            8         1000         2.92     41012.47     12942.78
           16         1000         2.95     38736.76     12522.87
           32         1000         3.10     40105.76     12286.00

#-----------------------------------------------------------------------------
# Benchmarking AllReduceMT
# #processes = 8 (threads: 1)
#-----------------------------------------------------------------------------
       #bytes #repetitions  t_min[usec]  t_max[usec]  t_avg[usec]
            4         1000     35936.26     38423.41     36990.57
            8         1000     26051.87     29312.53     28012.34
           16         1000     26635.57     31159.99     29391.32
           32         1000     26471.69     30303.58     28696.43

