#------------------------------------------------------------
#    Intel(R) MPI Benchmarks 2019 Update 3, MPI-1 part    
#------------------------------------------------------------
# Date                  : Tue Nov 26 19:32:04 2019
# Machine               : x86_64
# System                : Linux
# Release               : 4.15.0-1051-aws
# Version               : #53-Ubuntu SMP Wed Sep 18 13:35:53 UTC 2019
# MPI Version           : 3.1
# MPI Thread Environment: 


# Calling sequence was: 

# ./IMB-MPI1 

# Minimum message length in bytes:   0
# Maximum message length in bytes:   4194304
#
# MPI_Datatype                   :   MPI_BYTE 
# MPI_Datatype for reductions    :   MPI_FLOAT 
# MPI_Op                         :   MPI_SUM  
# 
# 

# List of Benchmarks to run:

# PingPong
# PingPing
# Sendrecv
# Exchange
# Allreduce
# Reduce
# Reduce_local
# Reduce_scatter
# Reduce_scatter_block
# Allgather
# Allgatherv
# Gather
# Gatherv
# Scatter
# Scatterv
# Alltoall
# Alltoallv
# Bcast
# Barrier

#---------------------------------------------------
# Benchmarking PingPong 
# #processes = 2 
# ( 6 additional processes waiting in MPI_Barrier)
#---------------------------------------------------
       #bytes #repetitions      t[usec]   Mbytes/sec
            0         1000         0.17         0.00
            1         1000         0.26         3.84
            2         1000         0.32         6.28
            4         1000         0.27        14.90
            8         1000         0.33        23.98
           16         1000         0.32        50.29
           32         1000         0.31       104.33
           64         1000         0.31       205.38
          128         1000         0.33       382.39
          256         1000         0.35       721.60
          512         1000         0.41      1263.60
         1024         1000         0.52      1983.82
         2048         1000         0.74      2772.29
         4096         1000         1.15      3558.75
         8192         1000         9.99       820.41
        16384         1000         1.61     10159.59
        32768         1000         9.26      3537.77
        65536          640        17.66      3711.55
       131072          140     35985.74         3.64
       262144          140        15.77     16625.98
       524288           80       146.69      3574.19
      1048576           40       251.14      4175.29
      2097152           20       643.98      3256.55
      4194304           10      1212.35      3459.66

#---------------------------------------------------
# Benchmarking PingPing 
# #processes = 2 
# ( 6 additional processes waiting in MPI_Barrier)
#---------------------------------------------------
       #bytes #repetitions      t[usec]   Mbytes/sec
            0         1000         0.46         0.00
            1         1000         0.44         2.26
            2         1000         0.44         4.53
            4         1000         0.42         9.45
            8          834         0.43        18.47
           16          834         0.44        36.04
           32          834         0.44        72.12
           64          834         0.45       141.16
          128          834         0.45       284.47
          256          834         0.42       607.53
          512          834         0.46      1125.00
         1024          834         0.47      2184.15
         2048          834         0.66      3095.94
         4096          834         1.40      2925.28
         8192          834        35.91       228.10
        16384          834         3.90      4204.85
        32768          834        40.45       810.14
        65536          640        10.95      5986.18
       131072          320        68.08      1925.40
       262144          160        36.10      7261.70
       524288           80       242.45      2162.45
      1048576           40       510.39      2054.47
      2097152           20       487.64      4300.64
      4194304           10     21177.94       198.05

#-----------------------------------------------------------------------------
# Benchmarking Sendrecv 
# #processes = 2 
# ( 6 additional processes waiting in MPI_Barrier)
#-----------------------------------------------------------------------------
       #bytes #repetitions  t_min[usec]  t_max[usec]  t_avg[usec]   Mbytes/sec
            0         1000         0.33         0.33         0.33         0.00
            1         1000         0.43         0.43         0.43         4.70
            2          834         0.40         0.40         0.40        10.06
            4          834         0.39         0.39         0.39        20.46
            8          834         0.49         0.49         0.49        32.92
           16          834         0.49         0.49         0.49        65.35
           32          834         0.40         0.40         0.40       159.80
           64          834         0.43         0.43         0.43       294.57
          128          834         0.44         0.44         0.44       581.87
          256          834         0.45         0.45         0.45      1137.14
          512          834         0.62         0.62         0.62      1652.98
         1024          834         0.63         0.63         0.63      3266.76
         2048          834         0.85         0.85         0.85      4838.91
         4096          834         1.30         1.30         1.30      6313.29
         8192          834        26.25        26.26        26.26       624.03
        16384          834         3.50         3.50         3.50      9370.07
        32768          834        35.87        35.87        35.87      1827.17
        65536          640        11.57        11.57        11.57     11327.51
       131072          320        68.48        68.49        68.48      3827.63
       262144          160       134.85       134.86       134.85      3887.78
       524288           80       211.35       211.37       211.36      4960.93
      1048576           40       820.00       820.05       820.03      2557.36
      2097152           20      3499.54      3499.65      3499.60      1198.49
      4194304           10      2301.07      2301.53      2301.30      3644.80

#-----------------------------------------------------------------------------
# Benchmarking Sendrecv 
# #processes = 4 
# ( 4 additional processes waiting in MPI_Barrier)
#-----------------------------------------------------------------------------
       #bytes #repetitions  t_min[usec]  t_max[usec]  t_avg[usec]   Mbytes/sec
            0         1000         0.40         0.40         0.40         0.00
            1         1000      6516.00      6528.00      6522.00         0.00
            2         1000         0.40         0.40         0.40         9.90
            4         1000         0.40         0.40         0.40        19.76
            8         1000         0.51         0.51         0.51        31.57
           16         1000         0.40         0.40         0.40        79.23
           32         1000         0.50         0.50         0.50       127.40
           64         1000      6552.00      6575.99      6564.00         0.02
          128         1000      6016.00      6020.00      6017.00         0.04
          256         1000      2160.33      2184.33      2172.33         0.23
          512         1000         0.51         0.51         0.51      2019.26
         1024         1000         0.61         0.61         0.61      3351.52
         2048         1000      5976.01      5988.00      5983.00         0.68
         4096         1000      6008.01      6032.00      6020.00         1.36
         8192         1000       482.15       494.15       485.15        33.16
        16384         1000      6108.01      6132.00      6118.01         5.34
        32768         1000      6048.01      6064.00      6056.01        10.81
        65536          593     17376.06     17409.73     17392.91         7.53
       131072          320     23950.01     24062.52     24003.15        10.89
       262144          160     17150.27     17250.11     17181.45        30.39
       524288           80       589.83       589.86       589.84      1777.67
      1048576           40     18425.81     18625.71     18575.54       112.59
      2097152           20    220015.65    230200.46    227254.68        18.22
      4194304           10    424003.36    454002.62    440102.76        18.48

#-----------------------------------------------------------------------------
# Benchmarking Sendrecv 
# #processes = 8 
#-----------------------------------------------------------------------------
       #bytes #repetitions  t_min[usec]  t_max[usec]  t_avg[usec]   Mbytes/sec
            0         1000      4824.00      4856.00      4837.00         0.00
            1         1000      5836.01      5864.00      5850.50         0.00
            2         1000      3924.00      3944.00      3934.00         0.00
            4         1000      3052.00      3052.04      3052.01         0.00
            8         1000      3116.00      3128.00      3124.50         0.01
           16         1000      4132.00      4140.00      4133.50         0.01
           32         1000      6368.01      6384.00      6375.51         0.01
           64         1000      5967.99      5984.00      5973.00         0.02
          128         1000      3164.00      3188.00      3173.50         0.08
          256         1000      4272.00      4292.00      4282.00         0.12
          512         1000      6072.00      6088.00      6078.50         0.17
         1024         1000      3824.01      3856.00      3842.50         0.53
         2048         1000      3475.94      3500.01      3489.50         1.17
         4096         1000      6060.03      6084.01      6071.52         1.35
         8192         1000      3356.02      3408.00      3384.01         4.81
        16384         1000      3016.01      3024.03      3021.51        10.84
        32768         1000      3624.05      3644.03      3632.53        17.98
        65536          400     23850.06     24050.00     23946.27         5.45
       131072          320     19537.52     19637.54     19578.17        13.35
       262144          160     23900.21     24200.12     24009.64        21.66
       524288           80     46151.04     48000.22     47095.00        21.85
      1048576           40     97004.96    102500.53     99752.86        20.46
      2097152           20    146946.12    148617.72    147593.37        28.22
      4194304           10     11860.20     12990.81     12238.13       645.73

#-----------------------------------------------------------------------------
# Benchmarking Exchange 
# #processes = 2 
# ( 6 additional processes waiting in MPI_Barrier)
#-----------------------------------------------------------------------------
       #bytes #repetitions  t_min[usec]  t_max[usec]  t_avg[usec]   Mbytes/sec
            0         1000         0.72         0.72         0.72         0.00
            1         1000         1.12         1.12         1.12         3.58
            2         1000         0.89         0.89         0.89         8.94
            4         1000         1.08         1.08         1.08        14.78
            8         1000         0.89         0.89         0.89        35.88
           16         1000         0.90         0.90         0.90        71.39
           32         1000         0.90         0.90         0.90       142.03
           64         1000         0.95         0.95         0.95       268.64
          128         1000         0.96         0.96         0.96       532.21
          256         1000         1.06         1.06         1.06       969.74
          512         1000         1.16         1.16         1.16      1762.04
         1024         1000         1.34         1.34         1.34      3049.32
         2048         1000         1.75         1.75         1.75      4670.98
         4096         1000         2.96         2.96         2.96      5535.64
         8192         1000         3.70         3.70         3.70      8853.89
        16384         1000        17.70        17.70        17.70      3702.21
        32768         1000        26.57        26.57        26.57      4933.47
        65536          640        73.65        73.66        73.66      3559.03
       131072          320        34.76        34.76        34.76     15082.46
       262144          160        64.51        64.52        64.52     16251.07
       524288           80       182.45       182.48       182.46     11492.71
      1048576           40      2931.95      2931.98      2931.97      1430.54
      2097152           20      3430.29      3430.33      3430.31      2445.42
      4194304           10      7315.66      7315.83      7315.74      2293.28

#-----------------------------------------------------------------------------
# Benchmarking Exchange 
# #processes = 4 
# ( 4 additional processes waiting in MPI_Barrier)
#-----------------------------------------------------------------------------
       #bytes #repetitions  t_min[usec]  t_max[usec]  t_avg[usec]   Mbytes/sec
            0         1000      8644.00      8668.00      8656.00         0.00
            1          863      4653.90      4681.71      4671.28         0.00
            2          863         1.10         1.10         1.10         7.25
            4          863         0.91         0.91         0.91        17.57
            8          863      7694.09      7731.18      7719.59         0.00
           16          840     11957.16     11980.95     11970.24         0.01
           32          814     11970.52     11995.09     11980.35         0.01
           64          814         0.94         0.94         0.94       272.03
          128          808     12000.00     12004.95     12003.71         0.04
          256          808         1.15         1.15         1.15       887.10
          512          808      4579.75      4594.60      4588.42         0.45
         1024          808         1.22         1.22         1.22      3353.79
         2048          808     12004.95     12014.86     12009.90         0.68
         4096          808         2.15         2.15         2.15      7614.56
         8192          808         5.42         5.42         5.42      6040.94
        16384          808       924.53       944.32       931.95        69.40
        32768          808      2662.83      2677.66      2673.95        48.95
        65536          640       148.65       148.65       148.65      1763.45
       131072          245     38236.77     38351.05     38293.91        13.67
       262144          160     37175.48     37325.13     37275.21        28.09
       524288           80     84000.25     84300.99     84175.62        24.88
      1048576           40      4136.78      4137.25      4137.01      1013.79
      2097152           20      3660.96      3662.15      3661.58      2290.63
      4194304           10    126062.23    127656.91    126888.48       131.42

#-----------------------------------------------------------------------------
# Benchmarking Exchange 
# #processes = 8 
#-----------------------------------------------------------------------------
       #bytes #repetitions  t_min[usec]  t_max[usec]  t_avg[usec]   Mbytes/sec
            0          834     11961.63     12004.80     11985.01         0.00
            1          834     10402.88     10426.85     10414.26         0.00
            2          817     12004.90     12053.85     12033.05         0.00
            4          817     10418.63     10477.36     10440.65         0.00
            8          817      7725.83      7745.41      7731.95         0.00
           16          817      9253.38      9292.54      9268.68         0.01
           32          817     11990.20     12039.16     12011.01         0.01
           64          797     10333.75     10358.85     10348.18         0.02
          128          796     11989.95     12030.15     12015.70         0.04
          256          796     11984.92     12030.15     12008.16         0.09
          512          796     11974.88     12020.10     11999.37         0.17
         1024          796     11974.88     12005.03     11987.44         0.34
         2048          768     11963.55     12015.62     11992.84         0.68
         4096          768     11989.59     12036.45     12010.42         1.36
         8192          768     11989.58     12031.25     12005.86         2.72
        16384          768     11947.94     11989.59     11970.06         5.47
        32768          768     11958.36     11989.60     11974.62        10.93
        65536          355     32788.78     32980.28     32902.85         7.95
       131072 time-out.; Time limit (secs_per_sample * msg_sizes_list_len) is over; use "-time X" or SECS_PER_SAMPLE=X (IMB_settings.h) to increase time limit.

#----------------------------------------------------------------
# Benchmarking Allreduce 
# #processes = 2 
# ( 6 additional processes waiting in MPI_Barrier)
#----------------------------------------------------------------
       #bytes #repetitions  t_min[usec]  t_max[usec]  t_avg[usec]
            0         1000         0.11         0.11         0.11
            4         1000         1.18         1.20         1.19
            8         1000         0.94         0.98         0.96
           16         1000         1.20         1.25         1.22
           32         1000         1.02         1.06         1.04
           64         1000         1.30         9.23         5.26
          128         1000         1.26         1.33         1.29
          256         1000         1.22        13.18         7.20
          512         1000         1.39        17.33         9.36
         1024         1000         1.65         1.75         1.70
         2048         1000         2.50         2.66         2.58
         4096         1000         4.29         4.61         4.45
         8192         1000         4.25         4.64         4.45
        16384         1000        22.19        23.00        22.59
        32768         1000        77.44       102.91        90.18
        65536          640        53.24        79.01        66.13
       131072          320       157.04       157.90       157.47
       262144          105     96014.00     96051.97     96032.98
       524288           80    119862.77    119865.59    119864.18
      1048576           40      1168.89      1175.50      1172.20
      2097152           20      3526.19      3546.29      3536.24
      4194304           10      9280.90      9287.10      9284.00

#----------------------------------------------------------------
# Benchmarking Allreduce 
# #processes = 4 
# ( 4 additional processes waiting in MPI_Barrier)
#----------------------------------------------------------------
       #bytes #repetitions  t_min[usec]  t_max[usec]  t_avg[usec]
            0         1000         0.35         0.40         0.37
            4          429     11357.95     23034.03     18285.50
            8          429         1.83         1.85         1.84
           16          429         2.21         2.24         2.22
           32          407     24000.80     24098.08     24051.94
           64          407         2.24         2.33         2.28
          128          407         2.13         2.20         2.16
          256          407         2.28         2.37         2.31
          512          266     26781.71     29806.16     27557.27
         1024          266     26796.70     33188.88     29850.53
         2048          266         4.81         5.07         4.94
         4096          266     24225.75     25474.69     24923.82
         8192          266     29882.50     30049.05     29960.82
        16384          266        74.38        75.85        75.08
        32768          266     24634.52     32602.88     28898.10
        65536          211     51175.89     55607.12     52903.90
       131072 time-out.; Time limit (secs_per_sample * msg_sizes_list_len) is over; use "-time X" or SECS_PER_SAMPLE=X (IMB_settings.h) to increase time limit.

#----------------------------------------------------------------
# Benchmarking Reduce 
# #processes = 2 
# ( 6 additional processes waiting in MPI_Barrier)
#----------------------------------------------------------------
       #bytes #repetitions  t_min[usec]  t_max[usec]  t_avg[usec]
            0         1000         0.12         0.13         0.12
            4         1000         0.36         0.74         0.55
            8         1000         0.44         0.94         0.69
           16         1000         0.38         0.80         0.59
           32         1000         0.40         0.83         0.62
           64         1000         0.41         0.89         0.65
          128         1000         0.40         0.86         0.63
          256         1000         0.44         1.02         0.73
          512          417         0.51         1.14         0.82
         1024          417         0.67         1.56         1.11
         2048          417         0.96         2.25         1.60
         4096          417         2.27         2.82         2.55
         8192          417         3.59         4.27         3.93
        16384          417        54.49        55.47        54.98
        32768          417        13.63        15.15        14.39
        65536          417        79.48       119.78        99.63
       131072          320        96.70        98.16        97.43
       262144          160       151.31       152.81       152.06
       524288           80       289.49       291.58       290.53
      1048576           40       603.40       605.38       604.39
      2097152           20      1517.96      1519.99      1518.98
      4194304           10     13052.82     13055.21     13054.01

#----------------------------------------------------------------
# Benchmarking Reduce 
# #processes = 4 
# ( 4 additional processes waiting in MPI_Barrier)
#----------------------------------------------------------------
       #bytes #repetitions  t_min[usec]  t_max[usec]  t_avg[usec]
            0         1000         0.34         0.40         0.38
            4         1000         0.37         1.29         0.73
            8          419         1.13     24016.87     10054.53
           16          416         0.46         1.68         0.95
           32          311         1.22     24023.22      6633.83
           64          311         0.49         1.75         0.99
          128          293         0.97     13023.26      4427.25
          256          293         0.41         1.66         0.90
          512          293         0.44         1.85         0.99
         1024          293         0.47         2.26         1.19
         2048          293         0.80         3.84         2.04
         4096          293         5.48     30113.66     13984.84
         8192          293         5.07         7.11         5.98
        16384          293         8.68        79.51        54.01
        32768          293        14.92        19.64        17.01
        65536          293       783.06     25937.31     13091.58
       131072          293       181.81       408.70       274.41
       262144          160     13330.54     42864.84     29958.76
       524288           80      4564.67     13128.73      9906.82
      1048576           40      3898.13      4745.24      4519.80
      2097152           20      4478.91      4614.33      4547.19
      4194304           10     10651.37     10987.57     10824.31

#----------------------------------------------------------------
# Benchmarking Reduce 
# #processes = 8 
#----------------------------------------------------------------
       #bytes #repetitions  t_min[usec]  t_max[usec]  t_avg[usec]
            0         1000         0.36         0.50         0.44
            4          417         1.25     27499.26      7416.60
            8          245         1.77     36616.75      8296.96
           16          245         1.30     41874.94     10404.73
           32          245         1.32     43703.22     12085.93
           64          245         1.25     36405.54     10180.26
          128          238         1.34     30518.90      8372.51
          256          238         1.32     40888.15     11015.47
          512          238         1.28     30115.34      9909.47
         1024          238         1.62     25795.79      7296.63
         2048          238         2.55     29123.52      7751.64
         4096          203      5858.96     49200.67     24874.26
         8192          174      6397.54     40736.83     21521.27
        16384 time-out.; Time limit (secs_per_sample * msg_sizes_list_len) is over; use "-time X" or SECS_PER_SAMPLE=X (IMB_settings.h) to increase time limit.

#----------------------------------------------------------------
# Benchmarking Reduce_local 
# #processes = 2 
# ( 6 additional processes waiting in MPI_Barrier)
#----------------------------------------------------------------
       #bytes #repetitions  t_min[usec]  t_max[usec]  t_avg[usec]
            0         1000         0.10         0.11         0.10
            4         1000         0.13         0.13         0.13
            8         1000         0.13         0.13         0.13
           16         1000         0.09         0.10         0.10
           32         1000         0.12         0.13         0.13
           64         1000         0.13         0.14         0.14
          128         1000         0.13         0.13         0.13
          256         1000         0.20         0.20         0.20
          512         1000         0.22         0.22         0.22
         1024         1000         0.35         0.36         0.35
         2048         1000         0.54         0.54         0.54
         4096         1000         1.12         1.16         1.14
         8192         1000         2.26         2.31         2.29
        16384         1000        16.93        16.94        16.94
        32768         1000         8.93        24.93        16.93
        65536          640        14.24        39.32        26.78
       131072          320        29.01        79.68        54.34
       262144          160        57.56       132.66        95.11
       524288           80       118.29       266.04       192.17
      1048576           40       223.08       526.37       374.72
      2097152           20      1067.71      1264.27      1165.99
      4194304           10      1155.83      2706.72      1931.27

#----------------------------------------------------------------
# Benchmarking Reduce_local 
# #processes = 4 
# ( 4 additional processes waiting in MPI_Barrier)
#----------------------------------------------------------------
       #bytes #repetitions  t_min[usec]  t_max[usec]  t_avg[usec]
            0         1000         0.25         0.30         0.27
            4         1000         0.31         0.36         0.33
            8         1000         0.31         0.35         0.32
           16         1000         0.32         0.37         0.34
           32         1000         0.13         0.15         0.14
           64         1000         0.12         0.14         0.13
          128         1000         0.13         0.14         0.14
          256 time-out.; Time limit (secs_per_sample * msg_sizes_list_len) is over; use "-time X" or SECS_PER_SAMPLE=X (IMB_settings.h) to increase time limit.

#----------------------------------------------------------------
# Benchmarking Reduce_scatter 
# #processes = 2 
# ( 6 additional processes waiting in MPI_Barrier)
#----------------------------------------------------------------
       #bytes #repetitions  t_min[usec]  t_max[usec]  t_avg[usec]
            0         1000         0.65         0.71         0.68
            4         1000         0.76         0.92         0.84
            8         1000         0.95         1.13         1.04
           16         1000         0.85         1.00         0.92
           32         1000         0.90         1.15         1.02
           64         1000         0.93         1.19         1.06
          128         1000         0.98         1.22         1.10
          256         1000         0.87         1.07         0.97
          512         1000         1.22         1.49         1.35
         1024         1000         1.35         1.56         1.45
         2048         1000         2.15         2.33         2.24
         4096         1000         3.14         3.38         3.26
         8192         1000         5.14         5.36         5.25
        16384         1000        50.55        54.32        52.43
        32768         1000        62.00       126.38        94.19
        65536          640        98.91       173.90       136.41
       131072          320       101.64       102.21       101.93
       262144          160      1560.02      2631.76      2095.89
       524288           80       753.30      1650.95      1202.13
      1048576           40      1134.84      1135.27      1135.06
      2097152           20      5297.39      5512.14      5404.76
      4194304           10      7905.98      9073.57      8489.78

#----------------------------------------------------------------
# Benchmarking Reduce_scatter 
# #processes = 4 
# ( 4 additional processes waiting in MPI_Barrier)
#----------------------------------------------------------------
       #bytes #repetitions  t_min[usec]  t_max[usec]  t_avg[usec]
            0         1000         0.61         0.68         0.65
            4         1000         1.38         1.93         1.65
            8          462      5733.42     19219.86     12230.19
           16          462         1.33         2.07         1.69
           32          462         1.62         2.27         1.93
           64          462         1.42        44.99        18.99
          128          462         1.84         2.47         2.15
          256          462         2.07         2.70         2.37
          512          462         2.40         2.90         2.63
         1024          462         3.15         3.66         3.38
         2048          462         4.98         5.36         5.17
         4096          462         7.63         7.95         7.78
         8192          217        14.09     24096.51     12397.85
        16384          217        43.09     24295.08     13370.02
        32768          217      5471.36     28513.85     17078.79
        65536          217       203.46       552.62       360.07
       131072          122      2850.58      4939.40      3820.80
       262144          122     10211.62     12825.42     11977.43
       524288           80     19230.85     26203.70     22125.60
      1048576           40      5428.74      5433.33      5430.50
      2097152           14    356016.81    557749.68    451421.44
      4194304           10     35670.28     51822.04     44749.08

#----------------------------------------------------------------
# Benchmarking Reduce_scatter 
# #processes = 8 
#----------------------------------------------------------------
       #bytes #repetitions  t_min[usec]  t_max[usec]  t_avg[usec]
            0         1000         0.68         0.85         0.75
            4          335      5125.06     28048.74     16265.98
            8          335     10485.37     25672.58     17035.73
           16          335      3501.80     24428.47     15016.66
           32          236      4715.61     30184.77     17189.36
           64          236      3799.79     24859.83     13245.48
          128          236      4037.98     33255.06     19652.44
          256          236      6597.85     40642.65     22247.21
          512          236      2853.05     33373.84     19667.74
         1024          236      2075.70     24186.16     13308.07
         2048          180      2521.33     35560.68     20422.10
         4096          180      5439.78     42663.41     21546.00
         8192 time-out.; Time limit (secs_per_sample * msg_sizes_list_len) is over; use "-time X" or SECS_PER_SAMPLE=X (IMB_settings.h) to increase time limit.

#----------------------------------------------------------------
# Benchmarking Reduce_scatter_block 
# #processes = 2 
# ( 6 additional processes waiting in MPI_Barrier)
#----------------------------------------------------------------
       #bytes #repetitions  t_min[usec]  t_max[usec]  t_avg[usec]
            0         1000         0.12         0.12         0.12
            4         1000         0.79         0.94         0.86
            8          417         0.92         1.10         1.01
           16          417         0.93         1.06         1.00
           32          417         0.88         1.14         1.01
           64          417         0.96         1.11         1.03
          128          417         0.99         1.15         1.07
          256          417         1.06         1.25         1.16
          512          417         1.20         1.37         1.29
         1024          417         1.64         1.89         1.76
         2048          417         2.36         2.59         2.48
         4096          417         3.44         3.60         3.52
         8192          417         5.10        62.54        33.82
        16384          417        39.48      1266.68       653.08
        32768          417        19.45        48.29        33.87
        65536          417       605.19      1190.36       897.78
       131072          320       142.26       455.42       298.84
       262144          160       120.39       618.71       369.55
       524288           80      6858.22      8547.34      7702.78
      1048576           40      1035.12      1736.26      1385.69
      2097152           20      3935.61      4524.21      4229.91
      4194304           10      6774.71      6778.53      6776.62

#----------------------------------------------------------------
# Benchmarking Reduce_scatter_block 
# #processes = 4 
# ( 4 additional processes waiting in MPI_Barrier)
#----------------------------------------------------------------
       #bytes #repetitions  t_min[usec]  t_max[usec]  t_avg[usec]
            0         1000         0.15         0.16         0.15
            4          359         1.47         1.98         1.74
            8          359         1.23         1.68         1.46
           16          359         1.24         1.67         1.47
           32          359         1.37         1.81         1.59
           64          359         1.45         1.93         1.71
          128          359         1.76         2.28         2.03
          256          359         1.62         2.04         1.83
          512          359        70.34     22851.26     10495.03
         1024          359         2.97         3.34         3.15
         2048          359         5.47        61.55        36.30
         4096          359        52.52        64.01        58.26
         8192          359        13.87        14.31        14.08
        16384          359        86.35       130.76       108.53
        32768          359       180.89       314.71       236.64
        65536          214      2665.94      4980.31      3925.28
       131072          214       791.73       904.76       830.10
       262144          120     61708.78     70852.85     66272.38
       524288           80    134128.86    148476.09    142369.38
      1048576           40      5431.83      5449.53      5439.49
      2097152           20    362587.89    556105.49    455355.16
      4194304           10     42538.14     46233.49     44328.30

#----------------------------------------------------------------
# Benchmarking Reduce_scatter_block 
# #processes = 8 
#----------------------------------------------------------------
       #bytes #repetitions  t_min[usec]  t_max[usec]  t_avg[usec]
            0         1000         0.37         0.50         0.44
            4          430      5025.36     22584.17     13929.72
            8          358      2394.84     36281.49     19329.60
           16          244      1397.85     36672.53     21376.16
           32          244      3412.43     25065.99     14765.77
           64          237      1168.01     30293.78     19116.35
          128          237     11631.62     36304.39     22893.88
          256          237      5556.78     34025.36     20885.54
          512          237       107.07     22089.76     10543.29
         1024          237      4107.97     25214.84     14372.43
         2048          229      3921.49     30460.76     16502.00
         4096          207        16.84     45233.79     25206.98
         8192 time-out.; Time limit (secs_per_sample * msg_sizes_list_len) is over; use "-time X" or SECS_PER_SAMPLE=X (IMB_settings.h) to increase time limit.

#----------------------------------------------------------------
# Benchmarking Allgather 
# #processes = 2 
# ( 6 additional processes waiting in MPI_Barrier)
#----------------------------------------------------------------
       #bytes #repetitions  t_min[usec]  t_max[usec]  t_avg[usec]
            0         1000         0.11         0.11         0.11
            1         1000         0.66         0.86         0.76
            2         1000         0.63         0.80         0.72
            4          419         1.33     24046.04     12023.68
            8          419         0.55         0.73         0.64
           16          419         0.54         0.72         0.63
           32          419         0.54         0.72         0.63
           64          419         0.57         0.78         0.68
          128          419         0.57         0.77         0.67
          256          419         0.59         0.74         0.66
          512          419         0.60         0.76         0.68
         1024          419         0.67         0.86         0.77
         2048          417         1.72     24007.86     12004.79
         4096          417         1.35         1.60         1.48
         8192          417         1.72         1.96         1.84
        16384          417         3.45         3.86         3.66
        32768          417         9.61         9.94         9.77
        65536          417        16.69        54.94        35.81
       131072          320       102.07       102.41       102.24
       262144          160       124.30       124.96       124.63
       524288           80      1271.82      1472.53      1372.17
      1048576           40       323.21       628.29       475.75
      2097152           20      2070.72      2076.73      2073.73
      4194304           10    599266.10    615247.61    607256.85

#----------------------------------------------------------------
# Benchmarking Allgather 
# #processes = 4 
# ( 4 additional processes waiting in MPI_Barrier)
#----------------------------------------------------------------
       #bytes #repetitions  t_min[usec]  t_max[usec]  t_avg[usec]
            0         1000         0.37         0.44         0.42
            1          416       780.59     21036.56     11879.72
            2          416       386.52     24094.01     12711.33
            4          416         1.04         1.42         1.22
            8          416         1.14         1.59         1.37
           16          416         1.24         1.75         1.50
           32          416         1.21        11.35         6.28
           64          416         1.27         1.75         1.51
          128          416      2069.28     22036.71     12048.09
          256          389         1.71     24028.75     10886.78
          512          389         1.20         1.65         1.43
         1024          389      3220.43     23977.74     14059.00
         2048          389         3.11     26146.70     12126.85
         4096          389      1906.61     21119.28     11037.92
         8192          389         5.16         5.63         5.42
        16384          389      1530.86     22476.57     11996.16
        32768          217      4836.41     54285.02     28317.58
        65536          217     25407.07     41112.12     33066.29
       131072          110     43106.89     56624.40     48626.73
       262144 time-out.; Time limit (secs_per_sample * msg_sizes_list_len) is over; use "-time X" or SECS_PER_SAMPLE=X (IMB_settings.h) to increase time limit.

#----------------------------------------------------------------
# Benchmarking Allgatherv 
# #processes = 2 
# ( 6 additional processes waiting in MPI_Barrier)
#----------------------------------------------------------------
       #bytes #repetitions  t_min[usec]  t_max[usec]  t_avg[usec]
            0         1000         0.10         0.10         0.10
            1         1000         0.62         0.82         0.72
            2         1000         0.62         0.82         0.72
            4         1000         0.62         0.83         0.72
            8         1000         0.75         1.02         0.88
           16         1000         0.76         1.03         0.90
           32         1000         0.75         1.02         0.89
           64         1000         0.63         0.82         0.73
          128         1000         0.82         1.08         0.95
          256         1000         0.85         1.10         0.98
          512         1000         0.93         1.20         1.06
         1024         1000         1.21         1.50         1.36
         2048         1000         1.57         1.86         1.72
         4096         1000         2.36         2.65         2.50
         8192         1000        15.67        23.38        19.52
        16384         1000         4.99        29.07        17.03
        32768         1000        10.07        66.20        38.14
        65536          640       103.66       115.48       109.57
       131072          320        40.84        42.21        41.52
       262144          160       199.13       300.43       249.78
       524288           80       273.30       273.33       273.31
      1048576           40       572.84       574.73       573.78
      2097152           20      4872.25      4873.85      4873.05
      4194304           10      5229.28      5229.33      5229.31

#----------------------------------------------------------------
# Benchmarking Allgatherv 
# #processes = 4 
# ( 4 additional processes waiting in MPI_Barrier)
#----------------------------------------------------------------
       #bytes #repetitions  t_min[usec]  t_max[usec]  t_avg[usec]
            0         1000         0.27         0.35         0.31
            1         1000         1.16         1.74         1.46
            2          348      3404.32     29721.98     15583.27
            4          348       243.55     23468.99     11534.59
            8          348        71.24     22377.18     11428.22
           16          348       623.10     22226.81     12381.89
           32          348      1025.16     23284.94     12327.41
           64          348         1.29         1.71         1.50
          128          348      5449.61     18618.78     14309.65
          256          348      7656.42     19355.50     13841.87
          512          348         2.64      5541.13      2361.11
         1024          348         2.56         2.92         2.75
         2048          348         2.82         3.07         2.95
         4096          348       982.40     23699.26     12109.22
         8192          297      1758.58     10267.91      5828.32
        16384          297       337.88      1120.09       779.42
        32768          297      4093.32     21511.50     12782.15
        65536          227     18046.18     41343.86     29418.12
       131072          227       256.52       521.23       436.65
       262144          105       338.62       834.42       652.90
       524288           80      4135.59      4146.39      4140.94
      1048576           40     32348.45     44797.36     39200.64
      2097152           20      9690.92     10743.44     10083.85
      4194304           10     15863.37     15876.72     15870.29

#----------------------------------------------------------------
# Benchmarking Allgatherv 
# #processes = 8 
#----------------------------------------------------------------
       #bytes #repetitions  t_min[usec]  t_max[usec]  t_avg[usec]
            0         1000         0.40         0.49         0.46
            1          139      2131.87     27940.95     16107.54
            2          139      5038.62     30934.43     18687.89
            4          139      5066.95     22588.71     13295.42
            8          139       723.78     34128.84     19515.31
           16          139      7023.04     32258.92     20041.18
           32          139      3052.93     25467.35     15925.31
           64          139      6562.65     28891.95     19871.03
          128          139      7915.58     35711.13     20364.13
          256          139      4349.75     24517.30     14648.75
          512          139      4407.30     25551.99     14824.73
         1024          139      1213.18     29781.66     15717.09
         2048          139      6162.52     30615.37     19012.93
         4096          139      3547.59     28747.02     17197.78
         8192          139      7034.94     25731.18     17919.05
        16384          139      5812.43     48759.83     30723.46
        32768          139     14888.35     53915.92     33579.87
        65536           59    138451.36    168138.38    153068.61
       131072 time-out.; Time limit (secs_per_sample * msg_sizes_list_len) is over; use "-time X" or SECS_PER_SAMPLE=X (IMB_settings.h) to increase time limit.

#----------------------------------------------------------------
# Benchmarking Gather 
# #processes = 2 
# ( 6 additional processes waiting in MPI_Barrier)
#----------------------------------------------------------------
       #bytes #repetitions  t_min[usec]  t_max[usec]  t_avg[usec]
            0         1000         0.10         0.11         0.11
            1         1000         0.25         0.61         0.43
            2         1000         0.26         0.59         0.42
            4         1000         0.26         0.63         0.44
            8         1000         0.31         0.78         0.55
           16         1000         0.27         0.67         0.47
           32         1000         0.34         0.74         0.54
           64         1000         0.29         0.65         0.47
          128         1000         0.30         0.67         0.49
          256         1000         0.31         0.67         0.49
          512         1000         0.31         0.70         0.50
         1024         1000         0.26         0.68         0.47
         2048         1000         0.57         1.22         0.89
         4096          725         0.93         1.76         1.34
         8192          725         1.65         2.73         2.19
        16384          725         2.96        26.51        14.74
        32768          725        18.80        26.44        22.62
        65536          640        32.50        33.62        33.06
       131072          320        16.75        18.26        17.50
       262144          160        27.66        29.78        28.72
       524288           80       215.08       217.96       216.52
      1048576           40       425.80       431.36       428.58
      2097152           20      2642.66      2646.06      2644.36
      4194304           10      2441.02      2445.39      2443.21

#----------------------------------------------------------------
# Benchmarking Gather 
# #processes = 4 
# ( 4 additional processes waiting in MPI_Barrier)
#----------------------------------------------------------------
       #bytes #repetitions  t_min[usec]  t_max[usec]  t_avg[usec]
            0         1000         0.14         0.15         0.14
            1          208         0.83     27420.81     10869.76
            2          208         0.88     23978.48      7985.48
            4          208         0.29         1.34         0.71
            8          208         0.81     23920.93      9629.58
           16          208         0.97     11750.96      4976.77
           32          208         1.00     28151.53     11758.98
           64          208         0.87     24055.46     10475.18
          128          208         0.96     22632.91      8567.31
          256          208         1.02     24055.70     11888.67
          512          208         0.41         1.60         0.90
         1024          208         0.95     23459.50     10624.87
         2048          208         1.03     24036.22     11004.56
         4096          208         0.83         3.70         2.12
         8192          208         1.17     24555.36      9544.26
        16384          208         1.75     23978.42     11351.65
        32768          208         2.61     28978.64     13567.93
        65536          169      2897.78     57890.08     24680.68
       131072          169         8.67      6326.22      2411.69
       262144          160        14.84       314.38       142.49
       524288           80     14450.47     42756.48     28938.95
      1048576           40     10843.80     53401.96     34938.30
      2097152           20      1573.99      2568.09      2155.70
      4194304           10      3292.08      5250.45      4442.84

#----------------------------------------------------------------
# Benchmarking Gather 
# #processes = 8 
#----------------------------------------------------------------
       #bytes #repetitions  t_min[usec]  t_max[usec]  t_avg[usec]
            0         1000         0.29         0.41         0.37
            1          408         0.91     24840.56      5680.52
            2          148         0.94     23916.16      6033.98
            4          148         0.86     24132.20      7057.32
            8          148         0.97     32673.16      9672.48
           16          148         0.87     27619.21      7661.98
           32          148         0.96     40754.07     14259.33
           64          148         0.97     40267.67     12868.17
          128          148         1.01     37673.18     11493.64
          256          148         1.05     43483.90     11395.49
          512          148         1.07     22943.94      9404.11
         1024          148         0.92     28971.60      8551.84
         2048          148         0.95     27916.51      7153.77
         4096          148         1.12     32429.89      9594.73
         8192          148         1.38     27105.20      7734.68
        16384          148         1.81     35240.54     11667.64
        32768          144         2.43     44274.81     15037.40
        65536          144      3590.75     62941.23     23017.07
       131072          144        69.80     65385.93     25507.29
       262144          144      1836.92     66414.17     29011.17
       524288 time-out.; Time limit (secs_per_sample * msg_sizes_list_len) is over; use "-time X" or SECS_PER_SAMPLE=X (IMB_settings.h) to increase time limit.

#----------------------------------------------------------------
# Benchmarking Gatherv 
# #processes = 2 
# ( 6 additional processes waiting in MPI_Barrier)
#----------------------------------------------------------------
       #bytes #repetitions  t_min[usec]  t_max[usec]  t_avg[usec]
            0         1000         0.12         0.21         0.16
            1         1000         0.16         0.54         0.35
            2         1000         0.23         0.69         0.46
            4         1000         0.24         0.73         0.48
            8         1000         0.20         0.61         0.40
           16         1000         0.22         0.67         0.44
           32         1000         0.23         0.73         0.48
           64         1000         0.24         0.73         0.48
          128         1000         0.25         0.75         0.50
          256         1000         0.24         0.70         0.47
          512         1000         0.21         0.63         0.42
         1024         1000         0.28         0.84         0.56
         2048         1000         0.28         0.79         0.53
         4096         1000         0.46         1.13         0.80
         8192         1000         0.70         1.58         1.14
        16384         1000         1.09         2.30         1.69
        32768         1000        20.58        22.62        21.60
        65536          640        12.37        13.60        12.99
       131072          320        21.88        73.19        47.53
       262144          160        33.62       285.76       159.69
       524288           80        73.24        75.29        74.27
      1048576           40       647.87       649.80       648.84
      2097152           20       949.44       966.49       957.97
      4194304           10      5097.56      5102.44      5100.00

#----------------------------------------------------------------
# Benchmarking Gatherv 
# #processes = 4 
# ( 4 additional processes waiting in MPI_Barrier)
#----------------------------------------------------------------
       #bytes #repetitions  t_min[usec]  t_max[usec]  t_avg[usec]
            0         1000         0.10         0.21         0.13
            1         1000         0.17         0.97         0.38
            2         1000         0.19         1.06         0.42
            4          422         0.42     23988.22      5997.46
            8          421         0.30      7344.52      1836.37
           16          421         0.21         1.17         0.46
           32          421         0.23         1.24         0.49
           64          420         0.59     23949.86      5987.93
          128          417         0.57     23930.59      5983.12
          256          413         0.61     24007.34      6002.32
          512          413         0.62     15853.94      3963.99
         1024          406         0.24         1.27         0.56
         2048          406         0.29         1.41         0.68
         4096          406         0.41         1.93         1.00
         8192          406         1.10     23997.66      6000.34
        16384          406         1.20      8691.85      2174.47
        32768          406         2.01        57.90        32.22
        65536          373      5293.54     30957.44     12068.55
       131072          320        16.56        93.35        46.80
       262144          160        32.41       437.22       223.72
       524288           80     15008.11     76196.83     39406.85
      1048576           40       261.88     73306.67     31877.89
      2097152           20      5318.47    161826.74     78394.92
      4194304           10       605.06     24058.91      8621.27

#----------------------------------------------------------------
# Benchmarking Gatherv 
# #processes = 8 
#----------------------------------------------------------------
       #bytes #repetitions  t_min[usec]  t_max[usec]  t_avg[usec]
            0         1000         0.29         0.81         0.38
            1          416         0.38     21113.98      2639.68
            2          416         0.38     21988.40      2748.99
            4          416         0.36     23766.97      2971.33
            8          416         0.39     24170.70      3021.78
           16          379         0.41     24219.06      3027.84
           32          379         0.50     22435.76      2805.01
           64          315         0.51     27414.02      3427.29
          128          315         0.54     29267.82      3659.04
          256          315         0.53     25331.14      3166.96
          512          315         0.55     23045.11      2881.25
         1024          315         0.63     27122.05      3390.93
         2048          315         0.68     23349.80      2919.44
         4096 time-out.; Time limit (secs_per_sample * msg_sizes_list_len) is over; use "-time X" or SECS_PER_SAMPLE=X (IMB_settings.h) to increase time limit.

#----------------------------------------------------------------
# Benchmarking Scatter 
# #processes = 2 
# ( 6 additional processes waiting in MPI_Barrier)
#----------------------------------------------------------------
       #bytes #repetitions  t_min[usec]  t_max[usec]  t_avg[usec]
            0         1000         0.33         0.34         0.33
            1         1000         0.23         0.32         0.27
            2         1000         0.23         0.32         0.28
            4         1000         0.23         0.33         0.28
            8         1000         0.24         0.33         0.28
           16         1000         0.25         0.35         0.30
           32         1000         0.25         0.35         0.30
           64         1000         0.32         0.36         0.34
          128         1000         0.27         0.35         0.31
          256         1000         0.29         0.35         0.32
          512         1000         0.34         0.36         0.35
         1024         1000         0.44         0.46         0.45
         2048         1000         0.62         0.66         0.64
         4096         1000         0.98         1.08         1.03
         8192         1000         1.98         2.06         2.02
        16384         1000         3.41         3.49         3.45
        32768         1000         6.01        30.02        18.01
        65536          640        13.05        35.77        24.41
       131072          320       100.75       145.20       122.97
       262144          160        34.84       145.87        90.36
       524288           80        34.15        57.02        45.59
      1048576           40        66.13       114.35        90.24
      2097152           20       405.72      1176.94       791.33
      4194304           10       617.15      2774.41      1695.78

#----------------------------------------------------------------
# Benchmarking Scatter 
# #processes = 4 
# ( 4 additional processes waiting in MPI_Barrier)
#----------------------------------------------------------------
       #bytes #repetitions  t_min[usec]  t_max[usec]  t_avg[usec]
            0         1000         0.11         0.12         0.11
            1         1000         0.35         0.52         0.42
            2         1000         0.84         1.27         1.02
            4         1000         0.86         1.12         0.97
            8         1000         0.35         0.55         0.44
           16         1000         0.41         0.63         0.52
           32         1000         0.43         0.68         0.56
           64         1000         0.42         0.60         0.50
          128         1000         0.43         0.63         0.53
          256         1000         1.14         1.47         1.27
          512         1000         0.70         0.87         0.78
         1024         1000         1.05        13.03         4.17
         2048         1000         1.35         1.68         1.52
         4096         1000         2.31         2.79         2.56
         8192         1000         4.19        17.07         7.66
        16384         1000         3.56         6.03         4.81
        32768 time-out.; Time limit (secs_per_sample * msg_sizes_list_len) is over; use "-time X" or SECS_PER_SAMPLE=X (IMB_settings.h) to increase time limit.

#----------------------------------------------------------------
# Benchmarking Scatterv 
# #processes = 2 
# ( 6 additional processes waiting in MPI_Barrier)
#----------------------------------------------------------------
       #bytes #repetitions  t_min[usec]  t_max[usec]  t_avg[usec]
            0         1000         0.10         0.18         0.14
            1         1000         0.32         0.38         0.35
            2         1000         0.32         0.39         0.35
            4         1000         0.33         0.38         0.36
            8         1000         0.31         0.39         0.35
           16         1000         0.39         0.48         0.44
           32         1000         0.32         0.39         0.35
           64         1000         0.39         0.48         0.43
          128         1000         0.34         0.43         0.38
          256         1000         0.40         0.51         0.45
          512         1000         0.41         0.50         0.46
         1024         1000         0.51         0.60         0.56
         2048         1000         0.78         0.78         0.78
         4096         1000         1.27         1.44         1.36
         8192         1000         1.92         2.30         2.11
        16384         1000        15.39        20.13        17.76
        32768         1000         5.98        23.37        14.68
        65536          640         7.68         8.47         8.08
       131072          320        14.64        15.42        15.03
       262144          160     24062.86     24063.93     24063.40
       524288           80        56.55        57.93        57.24
      1048576           40      1171.84      1173.29      1172.57
      2097152           20      3411.85      3413.83      3412.84
      4194304           10      7606.79      7608.56      7607.67

#----------------------------------------------------------------
# Benchmarking Scatterv 
# #processes = 4 
# ( 4 additional processes waiting in MPI_Barrier)
#----------------------------------------------------------------
       #bytes #repetitions  t_min[usec]  t_max[usec]  t_avg[usec]
            0         1000         0.10         0.24         0.14
            1         1000         0.37         0.78         0.49
            2         1000         0.33         0.84         0.53
            4         1000         0.85         1.87         1.27
            8         1000         0.78         1.82         1.10
           16         1000         0.69         1.83         1.09
           32         1000         0.69         1.81         1.09
           64 time-out.; Time limit (secs_per_sample * msg_sizes_list_len) is over; use "-time X" or SECS_PER_SAMPLE=X (IMB_settings.h) to increase time limit.

#----------------------------------------------------------------
# Benchmarking Alltoall 
# #processes = 2 
# ( 6 additional processes waiting in MPI_Barrier)
#----------------------------------------------------------------
       #bytes #repetitions  t_min[usec]  t_max[usec]  t_avg[usec]
            0         1000         0.10         0.10         0.10
            1         1000         0.90         1.01         0.95
            2          417         2.49     24026.93     12014.71
            4          417         0.91         1.01         0.96
            8          417         0.92         1.02         0.97
           16          417         0.89         1.00         0.95
           32          417         0.91         1.01         0.96
           64          417         1.07         1.25         1.16
          128          417         0.97         1.10         1.04
          256          417         2.55     23979.05     11990.80
          512          417         1.05         1.16         1.10
         1024          417         1.12         1.23         1.18
         2048          417         1.34         1.47         1.40
         4096          417         1.81         1.93         1.87
         8192          417         2.75         2.86         2.81
        16384          417        43.38        43.51        43.45
        32768          417        37.35        56.63        46.99
        65536          417        42.58        42.95        42.76
       131072          320        73.23        73.73        73.48
       262144          160       121.54       121.59       121.56
       524288           80       114.59       116.09       115.34
      1048576           40      1142.81      1142.84      1142.82
      2097152           20      2290.61      2292.59      2291.60
      4194304           10      4612.97      4613.38      4613.17

#----------------------------------------------------------------
# Benchmarking Alltoall 
# #processes = 4 
# ( 4 additional processes waiting in MPI_Barrier)
#----------------------------------------------------------------
       #bytes #repetitions  t_min[usec]  t_max[usec]  t_avg[usec]
            0         1000         0.31         0.37         0.34
            1         1000         1.79         1.90         1.86
            2         1000         1.85         1.96         1.92
            4         1000         1.83         1.96         1.91
            8          471        45.84     23784.74     11407.88
           16          471         1.76         1.82         1.79
           32          471      3603.48     16542.66     10896.64
           64          471      6872.36     12493.37     10530.32
          128          471      8188.42     19388.40     14354.79
          256          471      4478.67     17790.19     10620.10
          512          471         2.31         2.38         2.35
         1024          471      1354.42     21459.21     11631.47
         2048          417       224.25      1959.93      1144.86
         4096          417       715.21     23267.80     11991.30
         8192          417      3018.02     21676.91     11645.22
        16384          417        39.63        59.58        49.51
        32768          417      5508.37     15495.53     12370.36
        65536          202      2573.99      5443.15      4078.27
       131072          202       130.78       131.62       131.01
       262144          160       726.48       729.39       727.71
       524288           80      2067.62      2090.54      2079.19
      1048576           40      3742.99      3779.19      3760.88
      2097152           20      7970.79      8021.71      7995.61
      4194304 time-out.; Time limit (secs_per_sample * msg_sizes_list_len) is over; use "-time X" or SECS_PER_SAMPLE=X (IMB_settings.h) to increase time limit.

#----------------------------------------------------------------
# Benchmarking Alltoallv 
# #processes = 2 
# ( 6 additional processes waiting in MPI_Barrier)
#----------------------------------------------------------------
       #bytes #repetitions  t_min[usec]  t_max[usec]  t_avg[usec]
            0         1000         0.98         0.99         0.98
            1         1000         0.91         1.02         0.96
            2         1000         0.91         1.01         0.96
            4         1000         1.02         1.06         1.04
            8         1000         1.07         1.11         1.09
           16         1000         1.01         1.05         1.03
           32         1000         1.04         1.07         1.06
           64         1000         1.18         1.22         1.20
          128         1000         1.04         1.17         1.10
          256         1000         0.97         1.07         1.02
          512         1000         1.05         1.17         1.11
         1024         1000         1.19         1.28         1.24
         2048         1000        13.43        21.52        17.48
         4096         1000         1.88         1.98         1.93
         8192         1000         2.23         2.25         2.24
        16384         1000         3.66         3.74         3.70
        32768         1000         6.52         6.57         6.55
        65536          640       100.95       120.66       110.81
       131072          320        23.89        75.35        49.62
       262144          160        41.34       142.97        92.15
       524288           80     71862.24     95847.46     83854.85
      1048576           40       756.60       758.71       757.65
      2097152           20      5993.59      5994.22      5993.91
      4194304           10      6801.20      6803.08      6802.14

#----------------------------------------------------------------
# Benchmarking Alltoallv 
# #processes = 4 
# ( 4 additional processes waiting in MPI_Barrier)
#----------------------------------------------------------------
       #bytes #repetitions  t_min[usec]  t_max[usec]  t_avg[usec]
            0         1000         0.35         0.45         0.40
            1         1000         1.81         1.85         1.84
            2          451         2.19         2.27         2.23
            4          406        62.31     24105.82     10872.73
            8          406       466.20     24076.58      9282.51
           16          406         2.17         2.31         2.24
           32          406         3.49     24039.62     13205.76
           64          406         2.12         2.24         2.18
          128          406      2042.51     23800.80     12569.41
          256          406         2.13         2.18         2.16
          512          406         3.88     23970.44     13268.07
         1024          406       899.67     13487.39      7531.87
         2048          406         3.25         3.29         3.27
         4096          406         4.42         4.54         4.47
         8192          406         6.66        55.96        21.49
        16384          406        11.55        12.10        11.76
        32768          406        17.72        77.15        45.34
        65536          406        67.62        69.07        68.47
       131072          320       145.39       148.28       146.43
       262144          160      6577.94     14503.63      9605.29
       524288           80      2561.10      2753.09      2661.32
      1048576           40     93316.91    210618.08    153552.15
      2097152           20     99880.80    145826.36    124673.79
      4194304            6     11362.43     24201.35     16512.56

#----------------------------------------------------------------
# Benchmarking Alltoallv 
# #processes = 8 
#----------------------------------------------------------------
       #bytes #repetitions  t_min[usec]  t_max[usec]  t_avg[usec]
            0         1000         1.09         1.24         1.18
            1          386      4356.01     24974.67     15064.17
            2          329      7079.13     24586.44     17427.13
            4          329      1001.41     22332.25     11920.55
            8          249       487.57     33223.54     21411.86
           16          249      7649.42     22297.09     14045.73
           32          249       857.03     25980.09     14537.23
           64          249      2847.93     24497.36     14314.63
          128          249      4807.16     25734.57     16755.01
          256          249      6573.58     22875.94     13682.37
          512          220      4714.34     25473.81     16054.83
         1024 time-out.; Time limit (secs_per_sample * msg_sizes_list_len) is over; use "-time X" or SECS_PER_SAMPLE=X (IMB_settings.h) to increase time limit.

#----------------------------------------------------------------
# Benchmarking Bcast 
# #processes = 2 
# ( 6 additional processes waiting in MPI_Barrier)
#----------------------------------------------------------------
       #bytes #repetitions  t_min[usec]  t_max[usec]  t_avg[usec]
            0         1000         0.08         0.08         0.08
            1         1000         0.21         0.33         0.27
            2         1000         0.20         0.33         0.27
            4         1000         0.21         0.33         0.27
            8         1000         0.22         0.34         0.28
           16         1000         0.22         0.36         0.29
           32         1000         0.26         0.43         0.34
           64         1000         0.28         0.36         0.32
          128         1000         0.25         0.37         0.31
          256         1000         0.27         0.38         0.32
          512         1000         0.30         0.39         0.34
         1024         1000         0.39         0.48         0.44
         2048         1000         0.55         0.75         0.65
         4096         1000         0.83         1.15         0.99
         8192         1000         1.40         1.92         1.66
        16384         1000        10.76        15.65        13.20
        32768         1000         4.43        29.95        17.19
        65536          640        10.00        10.72        10.36
       131072          320        56.16        56.86        56.51
       262144          160        31.28        32.79        32.04
       524288           80       258.78       260.25       259.52
      1048576           40       420.48       421.89       421.18
      2097152           20      1029.63      1031.06      1030.35
      4194304           10      2510.00      2512.15      2511.07

#----------------------------------------------------------------
# Benchmarking Bcast 
# #processes = 4 
# ( 4 additional processes waiting in MPI_Barrier)
#----------------------------------------------------------------
       #bytes #repetitions  t_min[usec]  t_max[usec]  t_avg[usec]
            0         1000         0.25         0.27         0.26
            1         1000         0.31         0.46         0.40
            2         1000         0.74         1.11         0.94
            4         1000         0.64         0.96         0.83
            8         1000         0.74         1.01         0.88
           16 time-out.; Time limit (secs_per_sample * msg_sizes_list_len) is over; use "-time X" or SECS_PER_SAMPLE=X (IMB_settings.h) to increase time limit.

#---------------------------------------------------
# Benchmarking Barrier 
# #processes = 2 
# ( 6 additional processes waiting in MPI_Barrier)
#---------------------------------------------------
 #repetitions  t_min[usec]  t_max[usec]  t_avg[usec]
         1000         0.74         0.74         0.74

#---------------------------------------------------
# Benchmarking Barrier 
# #processes = 4 
# ( 4 additional processes waiting in MPI_Barrier)
#---------------------------------------------------
 #repetitions  t_min[usec]  t_max[usec]  t_avg[usec]
          417         1.42         1.42         1.42

#---------------------------------------------------
# Benchmarking Barrier 
# #processes = 8 
#---------------------------------------------------
 #repetitions  t_min[usec]  t_max[usec]  t_avg[usec]
          417     25918.49     25966.42     25941.25


# All processes entering MPI_Finalize

