#------------------------------------------------------------
#    Intel(R) MPI Benchmarks 2019 Update 3, MPI-NBC part  
#------------------------------------------------------------
# Date                  : Wed Nov 27 08:58:45 2019
# Machine               : x86_64
# System                : Linux
# Release               : 4.15.0-1054-aws
# Version               : #56-Ubuntu SMP Thu Nov 7 16:15:59 UTC 2019
# MPI Version           : 3.1
# MPI Thread Environment: 


# Calling sequence was: 

# ./IMB-NBC

# Minimum message length in bytes:   0
# Maximum message length in bytes:   4194304
#
# MPI_Datatype                   :   MPI_BYTE 
# MPI_Datatype for reductions    :   MPI_FLOAT
# MPI_Op                         :   MPI_SUM  
#
#

# List of Benchmarks to run:

# Ibcast
# Iallgather
# Iallgatherv
# Igather
# Igatherv
# Iscatter
# Iscatterv
# Ialltoall
# Ialltoallv
# Ireduce
# Ireduce_scatter
# Iallreduce
# Ibarrier

#-----------------------------------------------------------------------------
# Benchmarking Ibcast 
# #processes = 2 
# ( 6 additional processes waiting in MPI_Barrier)
#-----------------------------------------------------------------------------
       #bytes #repetitions t_ovrl[usec] t_pure[usec]  t_CPU[usec]   overlap[%]
            0         1000        14.11         1.07         0.95         0.00
            1         1000         2.13         1.11         0.96         0.00
            2         1000        14.15         1.07        13.06         0.00
            4         1000         2.03         1.01         0.97         0.00
            8         1000         2.04         1.00         0.95         0.00
           16         1000         2.04         1.00         0.97         0.00
           32         1000         2.04         1.00         0.96         0.00
           64         1000         2.03         1.01         0.95         0.00
          128         1000         2.05         1.01         0.96         0.00
          256         1000         2.06         1.01         0.94         0.00
          512         1000         2.07         1.02         0.95         0.00
         1024         1000         2.10         1.06         0.98         0.00
         2048         1000         2.15         1.12         0.98         0.00
         4096         1000        34.43        19.98        32.49        55.52
         8192         1000        42.38        18.34        27.75        13.35
        16384         1000        95.88        47.21        80.40        39.46
        32768         1000        60.91        22.39        57.92        33.50
        65536          640       258.21        82.34        35.98         0.00
       131072          320       568.42       222.28       246.49         0.00
       262144          160       470.88       182.55       154.45         0.00
       524288           80     29663.22     16253.96     14793.92         8.52
      1048576           40      2037.11        77.94        35.52         0.00
      2097152           20      1071.30       148.17        69.38         0.00
      4194304           10      2254.65       626.80       298.24         0.00

#-----------------------------------------------------------------------------
# Benchmarking Ibcast 
# #processes = 4 
# ( 4 additional processes waiting in MPI_Barrier)
#-----------------------------------------------------------------------------
       #bytes #repetitions t_ovrl[usec] t_pure[usec]  t_CPU[usec]   overlap[%]
            0         1000         6.38         3.53         2.81         0.00
            1         1000         6.13         3.29         2.76         0.00
            2         1000         5.46         3.26         1.97         0.00
            4 time-out.; Time limit (secs_per_sample * msg_sizes_list_len) is over; use "-time X" or SECS_PER_SAMPLE=X (IMB_settings.h) to increase time limit.

#-----------------------------------------------------------------------------
# Benchmarking Iallgather 
# #processes = 2 
# ( 6 additional processes waiting in MPI_Barrier)
#-----------------------------------------------------------------------------
       #bytes #repetitions t_ovrl[usec] t_pure[usec]  t_CPU[usec]   overlap[%]
            0         1000         1.61         0.64         0.90         0.00
            1         1000        18.52         1.68         0.89         0.00
            2         1000         2.52         1.66         0.92         3.48
            4         1000        18.47         1.83        12.91         0.00
            8         1000        18.50         1.65         0.91         0.00
           16         1000         6.49         1.81         0.90         0.00
           32         1000        18.69        13.65        17.13        70.60
           64         1000         2.52         1.63         0.91         1.41
          128         1000         2.56         1.83         0.93        10.80
          256         1000        31.80        13.86        29.92        40.06
          512          414     38699.29     24103.11     38691.75        62.28
         1024          414        33.23         2.60        30.78         0.52
         2048          414        44.46         3.44         2.59         0.00
         4096          414         8.02         4.78         3.42         3.68
         8192          414       102.87        36.22        57.53         0.00
        16384          414        35.07         4.21        30.89         0.06
        32768          414        13.65         7.56         6.36         3.65
        65536          414       115.30        47.10        67.35         0.00
       131072          320       392.00       133.14       108.90         0.00
       262144          160       109.65        59.81        49.11         0.00
       524288           80       934.56       264.89       218.86         0.00
      1048576           40    191694.77      9746.41      7779.64         0.00
      2097152           20      5967.74      2462.51      5047.43        30.55
      4194304           10     14426.47      5283.36      6750.54         0.00

#-----------------------------------------------------------------------------
# Benchmarking Iallgather 
# #processes = 4 
# ( 4 additional processes waiting in MPI_Barrier)
#-----------------------------------------------------------------------------
       #bytes #repetitions t_ovrl[usec] t_pure[usec]  t_CPU[usec]   overlap[%]
            0         1000         3.56         2.69         1.05         6.48
            1          417     38059.75     23881.70     34048.41        58.36
            2          417        42.90         3.04         1.90         0.00
            4          417     33988.72     25532.32     32369.86        73.88
            8          417     38232.40     17253.25     15014.27         0.00
           16 time-out.; Time limit (secs_per_sample * msg_sizes_list_len) is over; use "-time X" or SECS_PER_SAMPLE=X (IMB_settings.h) to increase time limit.

#-----------------------------------------------------------------------------
# Benchmarking Iallgatherv 
# #processes = 2 
# ( 6 additional processes waiting in MPI_Barrier)
#-----------------------------------------------------------------------------
       #bytes #repetitions t_ovrl[usec] t_pure[usec]  t_CPU[usec]   overlap[%]
            0         1000        13.71         0.70        12.96         0.00
            1         1000        43.24        17.64        25.51         0.00
            2         1000        14.72         1.64         0.99         0.00
            4         1000        14.71         1.63         0.99         0.00
            8         1000        14.72         1.66         0.98         0.00
           16         1000         2.70         1.65         0.98         0.00
           32         1000        47.33        17.65        13.61         0.00
           64         1000        14.72         1.65         0.98         0.00
          128         1000        14.72         1.65         0.99         0.00
          256         1000        47.39        17.69        45.58        34.84
          512         1000     14811.94        17.74        29.76         0.00
         1024         1000       100.65        23.02        17.99         0.00
         2048         1000        18.38         3.92         2.68         0.00
         4096         1000        54.37        33.08        37.34        42.98
         8192         1000        47.21        20.36        27.16         1.17
        16384         1000       294.68        73.95        74.09         0.00
        32768         1000       144.60        61.54        72.93         0.00
        65536          640       452.22       104.37       250.99         0.00
       131072          320       661.90       190.78       303.79         0.00
       262144          160      1637.88       443.34      1178.44         0.00
       524288           80     10480.08      2058.42      3458.05         0.00
      1048576           40     13983.37      3716.86      5650.54         0.00
      2097152           20     12055.37      4848.61      9866.06        26.95
      4194304           10     32880.33     11986.68     16931.92         0.00

#-----------------------------------------------------------------------------
# Benchmarking Iallgatherv 
# #processes = 4 
# ( 4 additional processes waiting in MPI_Barrier)
#-----------------------------------------------------------------------------
       #bytes #repetitions t_ovrl[usec] t_pure[usec]  t_CPU[usec]   overlap[%]
            0         1000         4.29         2.24         1.97         0.00
            1          469        38.57         2.83         0.97         0.00
            2          469        40.46         3.90         2.82         0.00
            4          416     42903.19     22332.66     17157.27         0.00
            8          412     41940.69     25646.53     37171.78        56.17
           16          408        33.33         2.86         0.94         0.00
           32          324     55143.90     24058.19     24777.84         0.00
           64 time-out.; Time limit (secs_per_sample * msg_sizes_list_len) is over; use "-time X" or SECS_PER_SAMPLE=X (IMB_settings.h) to increase time limit.

#-----------------------------------------------------------------------------
# Benchmarking Igather 
# #processes = 2 
# ( 6 additional processes waiting in MPI_Barrier)
#-----------------------------------------------------------------------------
       #bytes #repetitions t_ovrl[usec] t_pure[usec]  t_CPU[usec]   overlap[%]
            0         1000         1.71         0.71         0.96         0.00
            1         1000         2.09         1.10         0.94         0.00
            2         1000        18.08         1.18         0.94         0.00
            4         1000         2.19         1.32         0.91         3.19
            8         1000         2.19         1.33         0.91         3.34
           16         1000        18.03         1.91         0.90         0.00
           32         1000        14.06         1.89         0.92         0.00
           64         1000         2.22         1.32         0.93         2.72
          128         1000         2.21         1.35         0.90         2.83
          256         1000        18.14         1.12         0.94         0.00
          512         1000         2.16         1.13         0.95         0.00
         1024         1000         2.18         1.21         0.95         0.00
         2048         1000         2.28         1.31         0.97         0.00
         4096         1000         2.47         1.53         0.95         0.51
         8192         1000         3.01         2.03         0.97         0.00
        16384         1000        25.99        14.94        11.07         0.13
        32768         1000       120.22        43.36        94.60        18.75
        65536          640       140.35        35.91        67.01         0.00
       131072          320       291.23       100.02       191.26         0.02
       262144          160       202.70       111.51        91.01         0.00
       524288           80      4430.48      1476.96      3426.44        13.80
      1048576           40       643.68       134.87       106.44         0.00
      2097152           20      4503.94      1225.96       962.17         0.00
      4194304           10      7553.12      2395.46      3537.56         0.00

#-----------------------------------------------------------------------------
# Benchmarking Igather 
# #processes = 4 
# ( 4 additional processes waiting in MPI_Barrier)
#-----------------------------------------------------------------------------
       #bytes #repetitions t_ovrl[usec] t_pure[usec]  t_CPU[usec]   overlap[%]
            0         1000         5.11         3.05         2.07         0.22
            1          417     39890.14     24657.78     39024.89        60.97
            2          417       425.51         2.56         1.80         0.00
            4          416     39526.65     24025.15     38205.88        59.43
            8          403     40270.53     24829.69     39579.67        60.99
           16 time-out.; Time limit (secs_per_sample * msg_sizes_list_len) is over; use "-time X" or SECS_PER_SAMPLE=X (IMB_settings.h) to increase time limit.

#-----------------------------------------------------------------------------
# Benchmarking Igatherv 
# #processes = 2 
# ( 6 additional processes waiting in MPI_Barrier)
#-----------------------------------------------------------------------------
       #bytes #repetitions t_ovrl[usec] t_pure[usec]  t_CPU[usec]   overlap[%]
            0         1000         1.75         0.71         0.97         0.00
            1         1000         2.11         1.08         0.98         0.00
            2         1000        18.11         1.08         0.97         0.00
            4         1000        13.95         0.92        12.97         0.00
            8         1000         2.11         1.07         0.97         0.00
           16         1000         2.12         1.08         0.97         0.00
           32         1000         2.11         1.09         0.97         0.00
           64         1000         2.13         1.08         0.98         0.00
          128         1000         2.12         1.10         0.96         0.00
          256         1000        18.14         1.11        12.98         0.00
          512         1000        24.43        14.08        23.17        55.33
         1024         1000        18.60         1.77        16.91         0.42
         2048         1000         4.30         3.25         2.58        46.90
         4096         1000        66.25        20.66        28.23         0.00
         8192         1000       189.41        34.86       122.94         0.00
        16384         1000       235.62        71.13        56.41         0.00
        32768         1000        88.52        43.65        70.38        36.23
        65536          640       370.33       109.58        86.36         0.00
       131072          320       225.43        69.50        56.04         0.00
       262144          160       198.17       110.51        86.86         0.00
       524288           80      8158.42        67.40        52.66         0.00
      1048576           40    279294.33    119894.39    187373.47        14.93
      2097152           20      8316.91      2540.72      5621.14         0.00
      4194304           10     19178.22      4685.09      6137.70         0.00

#-----------------------------------------------------------------------------
# Benchmarking Igatherv 
# #processes = 4 
# ( 4 additional processes waiting in MPI_Barrier)
#-----------------------------------------------------------------------------
       #bytes #repetitions t_ovrl[usec] t_pure[usec]  t_CPU[usec]   overlap[%]
            0         1000        13.80         0.67        13.06         0.00
            1          417     38049.11     23756.11     37983.35        62.37
            2          417        51.98         2.35         1.81         0.00
            4          417        40.57         1.27        39.35         0.10
            8          417     38873.82     23938.41     38867.56        61.57
           16          417     37482.79     24043.90     37475.77        64.14
           32          417        51.80         2.22         1.84         0.00
           64          417     37412.63     24005.85     37405.25        64.16
          128          414     38753.80     24053.99     38747.86        62.06
          256          414     37688.56     23397.00     37652.62        62.04
          512 time-out.; Time limit (secs_per_sample * msg_sizes_list_len) is over; use "-time X" or SECS_PER_SAMPLE=X (IMB_settings.h) to increase time limit.

#-----------------------------------------------------------------------------
# Benchmarking Iscatter 
# #processes = 2 
# ( 6 additional processes waiting in MPI_Barrier)
#-----------------------------------------------------------------------------
       #bytes #repetitions t_ovrl[usec] t_pure[usec]  t_CPU[usec]   overlap[%]
            0         1000         1.58         0.58         0.93         0.00
            1         1000        46.68        33.08        45.52        70.14
            2         1000        14.28         1.30        12.93         0.00
            4         1000         2.28         1.30         0.92         0.00
            8         1000         2.30         1.31         0.92         0.00
           16         1000        14.33         1.31        12.94         0.00
           32         1000         2.28         1.31         0.91         0.00
           64         1000        18.05         1.07         0.91         0.00
          128         1000         2.31         1.36         0.90         0.00
          256         1000         2.43         1.48         0.91         0.00
          512         1000         2.57         1.70         0.92         3.19
         1024         1000         2.36         1.30         0.97         0.00
         2048         1000         4.35         2.47         1.76         0.00
         4096         1000        42.22        19.89        40.34        44.66
         8192         1000         3.09         2.11         0.94         0.00
        16384         1000        14.24        14.96        11.11        79.09
        32768         1000        16.96         4.76         2.02         0.00
        65536          640       264.44       107.33        63.93         0.00
       131072          320      1074.10       177.60       139.94         0.00
       262144          160       912.59       255.47       209.71         0.00
       524288           80      2392.62       728.65      1477.15         0.00
      1048576           40      5991.75      2352.64      4880.30        25.43
      2097152           20      8229.37      2541.72      2047.75         0.00
      4194304           10     19353.44      6888.87      9070.23         0.00

#-----------------------------------------------------------------------------
# Benchmarking Iscatter 
# #processes = 4 
# ( 4 additional processes waiting in MPI_Barrier)
#-----------------------------------------------------------------------------
       #bytes #repetitions t_ovrl[usec] t_pure[usec]  t_CPU[usec]   overlap[%]
            0         1000         4.42         2.22         1.92         0.00
            1         1000        14.81         1.76        12.99         0.00
            2         1000        92.37         1.74         0.97         0.00
            4         1000        27.61        17.68        10.44         2.88
            8         1000         2.97         1.93         0.97         0.00
           16         1000         2.97         1.89         0.99         0.00
           32         1000         2.97         1.91         1.00         0.00
           64         1000         8.45         5.18         2.97         0.00
          128 time-out.; Time limit (secs_per_sample * msg_sizes_list_len) is over; use "-time X" or SECS_PER_SAMPLE=X (IMB_settings.h) to increase time limit.

#-----------------------------------------------------------------------------
# Benchmarking Iscatterv 
# #processes = 2 
# ( 6 additional processes waiting in MPI_Barrier)
#-----------------------------------------------------------------------------
       #bytes #repetitions t_ovrl[usec] t_pure[usec]  t_CPU[usec]   overlap[%]
            0         1000        29.86        12.62        29.10        40.77
            1         1000        21.95         0.98         0.90         0.00
            2         1000        13.94         0.99         0.90         0.00
            4         1000         9.54        21.00         8.49        95.02
            8         1000         2.12         1.16         0.92         0.00
           16         1000        23.77        16.97        22.74        70.11
           32         1000         2.14         1.16         0.92         0.00
           64         1000         2.17         1.19         0.93         0.00
          128         1000         2.21         1.26         0.91         0.00
          256         1000        30.17        13.08        29.07        41.19
          512         1000         2.41         1.57         0.90         3.82
         1024         1000        24.29        13.90        10.26         0.00
         2048         1000         3.21         2.30         1.79        38.42
         4096         1000        18.24         3.41         2.61         0.00
         8192         1000        35.84        22.76        33.39        60.81
        16384         1000        40.62         9.63        18.85         0.00
        32768         1000        63.66        15.78        23.67         0.00
        65536          640       256.86        72.89        49.64         0.00
       131072          320     15336.40        69.56        31.16         0.00
       262144          160       721.17       293.90       277.57         0.00
       524288           80      1897.09       628.76       279.18         0.00
      1048576           40      3945.31       637.20       599.98         0.00
      2097152           20       906.12       480.35       282.05         0.00
      4194304           10      6771.14      2445.41      3665.69         0.00

#-----------------------------------------------------------------------------
# Benchmarking Iscatterv 
# #processes = 4 
# ( 4 additional processes waiting in MPI_Barrier)
#-----------------------------------------------------------------------------
       #bytes #repetitions t_ovrl[usec] t_pure[usec]  t_CPU[usec]   overlap[%]
            0         1000        13.73         0.70         0.96         0.00
            1         1000         8.86         5.06         3.70         0.00
            2         1000         2.85         2.03         0.90         3.81
            4         1000        18.08         1.37        16.98         1.58
            8         1000         2.79         1.95         0.88         1.92
           16         1000        19.71         1.12         1.06         0.00
           32         1000         9.73         5.40         4.45         2.18
           64 time-out.; Time limit (secs_per_sample * msg_sizes_list_len) is over; use "-time X" or SECS_PER_SAMPLE=X (IMB_settings.h) to increase time limit.

#-----------------------------------------------------------------------------
# Benchmarking Ialltoall 
# #processes = 2 
# ( 6 additional processes waiting in MPI_Barrier)
#-----------------------------------------------------------------------------
       #bytes #repetitions t_ovrl[usec] t_pure[usec]  t_CPU[usec]   overlap[%]
            0         1000        97.53        21.49        16.16         0.00
            1         1000         2.60         1.54         0.96         0.00
            2         1000        66.69        22.15        28.88         0.00
            4         1000        24.62        14.18        22.86        54.34
            8         1000       118.35        22.18        76.72         0.00
           16         1000        72.60        14.17        46.89         0.00
           32         1000        18.64         2.16         0.90         0.00
           64         1000        14.59         1.53        12.97         0.00
          128         1000        19.56         2.20         1.75         0.00
          256         1000         3.76         2.22         1.75         9.81
          512         1000        20.07        14.14        17.90        66.82
         1024         1000        25.45        14.85        22.85        53.61
         2048         1000        45.35        15.30        42.06        28.54
         4096         1000        20.09         2.22         1.87         0.00
         8192         1000        93.59        35.25        62.70         6.96
        16384         1000        64.81        28.57        36.26         0.04
        32768         1000        14.23         7.96         6.52         3.09
        65536          640      4272.40       163.20       552.60         0.00
       131072          320       392.66       127.74       149.07         0.00
       262144          160       592.62       160.43       131.13         0.00
       524288           80    216444.35     95944.81    149457.75        19.38
      1048576           40     32119.46      3037.35      3586.66         0.00
      2097152           20    961994.66    383594.72    607170.41         4.74
      4194304           10     23342.82      7008.15     15438.82         0.00

#-----------------------------------------------------------------------------
# Benchmarking Ialltoall 
# #processes = 4 
# ( 4 additional processes waiting in MPI_Barrier)
#-----------------------------------------------------------------------------
       #bytes #repetitions t_ovrl[usec] t_pure[usec]  t_CPU[usec]   overlap[%]
            0          417     27602.55     17400.69     27563.33        62.99
            1          417     29260.57     19375.68     29133.73        66.07
            2          417         6.16         3.54         2.69         2.21
            4          417     37821.41     24046.05     37812.09        63.57
            8          417     17340.12      5920.09      4630.44         0.00
           16          417        51.18        32.12        47.85        60.16
           32          417        54.29         3.55         2.67         0.00
           64          417     26363.77     16999.43     26285.36        64.37
          128          417        25.64         3.66         2.79         0.00
          256          417        34.83         4.04        30.70         0.00
          512          414     36247.75     23203.79     36176.84        63.94
         1024 time-out.; Time limit (secs_per_sample * msg_sizes_list_len) is over; use "-time X" or SECS_PER_SAMPLE=X (IMB_settings.h) to increase time limit.

#-----------------------------------------------------------------------------
# Benchmarking Ialltoallv 
# #processes = 2 
# ( 6 additional processes waiting in MPI_Barrier)
#-----------------------------------------------------------------------------
       #bytes #repetitions t_ovrl[usec] t_pure[usec]  t_CPU[usec]   overlap[%]
            0         1000         4.35         2.51         1.90         2.49
            1          419     38504.68     24064.12     38497.06        62.49
            2          417     38368.61     23968.45     38361.93        62.46
            4          417         2.56         1.57         0.95         0.00
            8          417         2.72         2.14         0.92        15.98
           16          417        12.28         2.15         0.92         0.00
           32          417        40.99         1.55         0.96         0.00
           64          417         3.54         2.18         1.76        18.11
          128          417        51.51         2.19         1.76         0.00
          256          417         3.78         2.23         1.78        10.39
          512          417        32.81         2.37         1.78         0.00
         1024          417         4.38         2.80         1.79         7.51
         2048          417        23.93         3.55         2.65         0.00
         4096          414     38380.66     24006.70     38342.60        62.51
         8192 time-out.; Time limit (secs_per_sample * msg_sizes_list_len) is over; use "-time X" or SECS_PER_SAMPLE=X (IMB_settings.h) to increase time limit.

#-----------------------------------------------------------------------------
# Benchmarking Ireduce 
# #processes = 2 
# ( 6 additional processes waiting in MPI_Barrier)
#-----------------------------------------------------------------------------
       #bytes #repetitions t_ovrl[usec] t_pure[usec]  t_CPU[usec]   overlap[%]
            0         1000         4.59         2.56         1.94         0.00
            4          523        17.53         2.06         0.92         0.00
            8          523         2.32         1.45         0.91         2.76
           16          523        96.24        32.64        26.11         0.00
           32          523         2.32         1.47         0.90         3.47
           64          523        25.19         2.11         0.91         0.00
          128          523        25.30         1.39        23.94         0.10
          256          523        25.29         1.21        23.91         0.00
          512          523         2.39         1.52         0.97         6.26
         1024          523         2.48         1.28         0.94         0.00
         2048          523        25.95         1.61         0.98         0.00
         4096          523         6.11         3.56         2.75         5.86
         8192          523       214.21        43.08       149.05         0.00
        16384          523        35.32         7.46         5.46         0.00
        32768          523       130.78        43.68        81.30         0.00
        65536          523       188.08        55.02        44.39         0.00
       131072          320       303.42       125.43       215.69        17.48
       262144          160       931.36       293.98       616.99         0.00
       524288           80    144209.98     72094.48    106191.28        32.09
      1048576           40    336109.81    144395.51    223496.08        14.22
      2097152           20     24060.31      8456.03      6768.21         0.00
      4194304           10     19168.09      7156.49      5504.42         0.00

#-----------------------------------------------------------------------------
# Benchmarking Ireduce 
# #processes = 4 
# ( 4 additional processes waiting in MPI_Barrier)
#-----------------------------------------------------------------------------
       #bytes #repetitions t_ovrl[usec] t_pure[usec]  t_CPU[usec]   overlap[%]
            0         1000         4.58         2.72         1.93         2.72
            4          270     38886.49     24040.22     38879.86        61.82
            8          270        76.94         1.22         0.98         0.00
           16          270     36611.96     23655.39     36552.87        64.55
           32          270     38053.26     24085.10     38045.37        63.29
           64          270        33.28         2.92         1.79         0.00
          128          270     37005.01     23951.58     36997.58        64.72
          256          270     38629.20     24055.01     38621.45        62.26
          512 time-out.; Time limit (secs_per_sample * msg_sizes_list_len) is over; use "-time X" or SECS_PER_SAMPLE=X (IMB_settings.h) to increase time limit.

#-----------------------------------------------------------------------------
# Benchmarking Ireduce_scatter 
# #processes = 2 
# ( 6 additional processes waiting in MPI_Barrier)
#-----------------------------------------------------------------------------
       #bytes #repetitions t_ovrl[usec] t_pure[usec]  t_CPU[usec]   overlap[%]
            0         1000         1.73         0.72         0.94         0.00
            4         1000        25.67        17.87        23.69        67.08
            8         1000        18.98         1.97         0.97         0.00
           16         1000        25.13        14.43        22.96        53.42
           32         1000        25.07        14.36        10.93         1.53
           64         1000         3.85         2.33         1.78        10.94
          128         1000         3.92         2.38         1.78        10.23
          256         1000        39.32         2.41         0.91         0.00
          512         1000        42.26        18.68         7.54         0.00
         1024         1000        18.14         3.72         2.61         0.00
         2048         1000       204.42        51.73        41.63         0.00
         4096         1000        18.27         4.44         1.91         0.00
         8192         1000       163.87        42.62        33.58         0.00
        16384         1000     38371.79     23984.70     38351.19        62.49
        32768         1000       172.93        70.51       102.68         0.25
        65536          640       702.51       222.78       181.97         0.00
       131072          320     95869.78     48045.27     74350.37        35.68
