#------------------------------------------------------------
#    Intel(R) MPI Benchmarks 2019 Update 3, MPI-RMA part  
#------------------------------------------------------------
# Date                  : Wed Nov 27 12:32:07 2019
# Machine               : x86_64
# System                : Linux
# Release               : 4.15.0-1054-aws
# Version               : #56-Ubuntu SMP Thu Nov 7 16:15:59 UTC 2019
# MPI Version           : 3.1
# MPI Thread Environment: 


# Calling sequence was: 

# ./IMB-RMA 

# Minimum message length in bytes:   0
# Maximum message length in bytes:   4194304
#
# MPI_Datatype                   :   MPI_BYTE 
# MPI_Datatype for reductions    :   MPI_FLOAT
# MPI_Op                         :   MPI_SUM  
# 
# 

# List of Benchmarks to run:

# Unidir_put
# Bidir_put
# Unidir_get
# Bidir_get
# Put_local
# Put_all_local
# One_put_all
# All_put_all
# One_get_all
# All_get_all
# Exchange_put
# Exchange_get
# Accumulate
# Get_accumulate
# Fetch_and_op
# Compare_and_swap
#     Uses MPI_INT data type
# Truly_passive_put
#     The benchmark measures execution time of MPI_Put for 2 cases:
#     1) The target is waiting in MPI_Barrier call (t_pure value)
#     2) The target performs computation and then enters MPI_Barrier routine (t_ovrl value)

#---------------------------------------------------
# Benchmarking Unidir_put 
# #processes = 2 
# ( 6 additional processes waiting in MPI_Barrier)
#---------------------------------------------------
#
#    MODE: NON-AGGREGATE 
#
       #bytes #repetitions      t[usec]   Mbytes/sec
            0          100         0.14         0.00
            1          100     24239.89         0.00
            2          100     24359.95         0.00
            4          100         0.53         7.56
            8          100         1.90         4.21
           16          100         2.10         7.61
           32          100         2.07        15.43
           64          100         2.08        30.71
          128          100         1.95        65.55
          256          100         2.22       115.33
          512          100         2.36       216.70
         1024          100         2.79       367.41
         2048          100         3.36       608.78
         4096          100         4.92       833.17
         8192          100         7.96      1029.35
        16384          100        35.67       459.32
        32768          100        21.00      1560.21
        65536          100        25.27      2592.94
       131072          100        37.79      3468.05
       262144          100      2697.91        97.17
       524288           80       315.10      1663.89
      1048576           40       603.77      1736.73
      2097152           20      1216.67      1723.68
      4194304           10      4853.22       864.23

#---------------------------------------------------
# Benchmarking Unidir_put 
# #processes = 2 
# ( 6 additional processes waiting in MPI_Barrier)
#---------------------------------------------------
#
#    MODE: AGGREGATE 
#
       #bytes #repetitions      t[usec]   Mbytes/sec
            0         1000         0.05         0.00
            1         1000         0.20         4.91
            2         1000         0.51         3.92
            4         1000         0.52         7.68
            8         1000         0.52        15.49
           16         1000         0.49        32.93
           32         1000         0.52        61.97
           64         1000         0.56       115.01
          128         1000         0.60       214.23
          256         1000         0.74       344.81
          512         1000         0.81       629.58
         1024         1000         1.08       950.21
         2048         1000         1.54      1331.15
         4096         1000         2.54      1611.47
         8192         1000         4.34      1887.17
        16384         1000        19.38       845.42
        32768         1000        30.87      1061.32
        65536          640        66.25       989.18
       131072          320        85.53      1532.47
       262144          160       256.71      1021.16
       524288           80       297.81      1760.50
      1048576           40       609.92      1719.21
      2097152           20      2015.09      1040.72
      4194304           10     28799.77       145.64

#---------------------------------------------------
# Benchmarking Bidir_put 
# #processes = 2 
# ( 6 additional processes waiting in MPI_Barrier)
#---------------------------------------------------
#
#    MODE: NON-AGGREGATE 
#
       #bytes #repetitions      t[usec]   Mbytes/sec
            0          100         0.12         0.00
            1          100         1.77         0.56
            2          100         1.80         1.11
            4          100         1.79         2.23
            8          100         1.78         4.49
           16          100         1.86         8.61
           32          100         0.98        32.74
           64          100         1.94        32.94
          128          100         2.04        62.87
          256          100         1.05       244.03
          512          100         1.03       494.81
         1024          100         1.16       880.12
         2048          100         2.61       784.47
         4096          100         7.44       550.81
         8192          100         8.47       966.79
        16384          100         4.88      3360.37
        32768          100         5.49      5973.01
        65536          100       191.79       341.71
       131072          100       241.57       542.58
       262144          100       251.27      1043.28
       524288           80      1490.41       351.77
      1048576           40       768.96      1363.63
      2097152           20      3779.75       554.84
      4194304           10      9765.27       429.51

#---------------------------------------------------
# Benchmarking Bidir_put 
# #processes = 2 
# ( 6 additional processes waiting in MPI_Barrier)
#---------------------------------------------------
#
#    MODE: AGGREGATE 
#
       #bytes #repetitions      t[usec]   Mbytes/sec
            0         1000         0.05         0.00
            1         1000         1.38         0.73
            2         1000         1.35         1.48
            4         1000         0.88         4.53
            8         1000         1.38         5.78
           16         1000         1.53        10.43
           32         1000         1.07        29.93
           64         1000         1.06        60.11
          128         1000         1.09       117.02
          256         1000       408.01         0.63
          512         1000       408.00         1.25
         1024         1000         2.31       444.11
         2048         1000         3.02       679.15
         4096         1000        20.87       196.26
         8192         1000         2.24      3649.86
        16384         1000        10.61      1543.60
        32768         1000        21.95      1492.52
        65536          640        12.27      5340.35
       131072          320        74.09      1769.16
       262144          160        72.04      3639.11
       524288           80       293.04      1789.13
      1048576           40       660.30      1588.03
      2097152           20      1613.31      1299.91
      4194304           10      8780.81       477.67

#---------------------------------------------------
# Benchmarking Unidir_get 
# #processes = 2 
# ( 6 additional processes waiting in MPI_Barrier)
#---------------------------------------------------
#
#    MODE: NON-AGGREGATE 
#
       #bytes #repetitions      t[usec]   Mbytes/sec
            0          100         0.11         0.00
            1          100         1.40         0.71
            2          100         1.44         1.39
            4          100         1.43         2.81
            8          100         0.47        16.95
           16          100         1.75         9.13
           32          100         1.77        18.11
           64          100         1.80        35.65
          128          100         1.85        69.01
          256          100         1.87       136.96
          512          100         0.62       822.79
         1024          100         0.70      1465.86
         2048          100         0.75      2744.39
         4096          100         1.05      3904.52
         8192          100         7.89      1038.69
        16384          100        12.56      1304.47
        32768          100     24160.02         1.36
        65536          100        31.77      2062.56
       131072          100        48.06      2727.37
       262144          100       332.93       787.39
       524288           80       915.06       572.96
      1048576           40      1041.92      1006.38
      2097152           20      2106.01       995.79
      4194304           10      2451.54      1710.89

#---------------------------------------------------
# Benchmarking Unidir_get 
# #processes = 2 
# ( 6 additional processes waiting in MPI_Barrier)
#---------------------------------------------------
#
#    MODE: AGGREGATE 
#
       #bytes #repetitions      t[usec]   Mbytes/sec
            0         1000         0.05         0.00
            1         1000         0.83         1.21
            2         1000         0.85         2.34
            4         1000         0.80         4.97
            8         1000         0.85         9.37
           16         1000       412.01         0.04
           32         1000         1.19        26.78
           64         1000         1.19        53.74
          128         1000         1.20       106.97
          256         1000         1.20       213.47
          512         1000         1.34       382.93
         1024         1000         0.91      1121.99
         2048         1000         1.00      2046.20
         4096         1000         1.14      3591.11
         8192         1000         1.33      6140.05
        16384         1000         1.91      8563.17
        32768         1000         2.98     10987.21
        65536          640         5.40     12145.94
       131072          320      1213.26       108.03
       262144          160       300.00       873.80
       524288           80       241.39      2171.98
      1048576           40       285.29      3675.53
      2097152           20      1281.70      1636.22
      4194304           10      4288.24       978.09

#---------------------------------------------------
# Benchmarking Bidir_get 
# #processes = 2 
# ( 6 additional processes waiting in MPI_Barrier)
#---------------------------------------------------
#
#    MODE: NON-AGGREGATE 
#
       #bytes #repetitions      t[usec]   Mbytes/sec
            0          100         0.13         0.00
            1          100       394.37         0.00
            2          100         1.39         1.44
            4          100         1.38         2.90
            8          100         3.28         2.44
           16          100         1.64         9.77
           32          100         1.68        19.07
           64          100         0.85        75.19
          128          100         0.86       149.13
          256          100         0.88       290.99
          512          100         0.93       550.64
         1024          100         1.01      1012.96
         2048          100         1.12      1835.46
         4096          100         4.34       942.91
         8192          100         6.40      1279.69
        16384          100        10.54      1555.09
        32768          100        18.43      1777.53
        65536          100       268.92       243.70
       131072          100       218.83       598.98
       262144          100      4163.50        62.96
       524288           80      1182.06       443.54
      1048576           40       680.15      1541.67
      2097152           20      2734.11       767.03
      4194304           10     20830.66       201.35

#---------------------------------------------------
# Benchmarking Bidir_get 
# #processes = 2 
# ( 6 additional processes waiting in MPI_Barrier)
#---------------------------------------------------
#
#    MODE: AGGREGATE 
#
       #bytes #repetitions      t[usec]   Mbytes/sec
            0         1000         0.05         0.00
            1         1000         1.43         0.70
            2         1000         1.42         1.41
            4         1000         1.41         2.84
            8         1000         1.47         5.44
           16         1000         1.56        10.25
           32         1000         1.47        21.81
           64         1000         2.57        24.94
          128         1000         2.55        50.29
          256         1000       768.01         0.33
          512         1000       768.04         0.67
         1024         1000        19.18        53.39
         2048         1000         4.10       499.68
         4096         1000        21.50       190.54
         8192         1000        23.84       343.62
        16384         1000        45.76       358.02
        32768         1000        51.90       631.39
        65536          640       110.08       595.34
       131072          320       221.23       592.48
       262144          160      2401.80       109.14
       524288           80       289.15      1813.22
      1048576           40      2714.98       386.22
      2097152           20      3963.49       529.12
      4194304           10      8782.63       477.57

#---------------------------------------------------
# Benchmarking Put_local 
# #processes = 2 
# ( 6 additional processes waiting in MPI_Barrier)
#---------------------------------------------------
#
#    MODE: NON-AGGREGATE 
#
       #bytes #repetitions      t[usec]   Mbytes/sec
            0          100         0.10         0.00
            1          100         0.58         1.73
            2          100         0.57         3.51
            4          100         0.60         6.71
            8          100         0.26        31.36
           16          100         0.34        46.60
           32          100         0.60        53.26
           64          100         0.59       109.12
          128          100         0.64       198.84
          256          100         0.36       701.79
          512          100         0.87       586.74
         1024          100         1.12       915.77
         2048          100         1.61      1268.82
         4096          100         2.57      1593.68
         8192          100         4.37      1873.49
        16384          100         1.45     11302.55
        32768          100         2.66     12304.29
        65536          100       100.66       651.05
       131072          100        40.17      3263.23
       262144          100        80.95      3238.53
       524288           80      1028.33       509.84
      1048576           40       628.75      1667.73
      2097152           20       624.97      3355.62
      4194304           10      2675.70      1567.55

#---------------------------------------------------
# Benchmarking Put_local 
# #processes = 2 
# ( 6 additional processes waiting in MPI_Barrier)
#---------------------------------------------------
#
#    MODE: AGGREGATE 
#
       #bytes #repetitions      t[usec]   Mbytes/sec
            0         1000         0.05         0.00
            1         1000         0.53         1.89
            2         1000         0.51         3.94
            4         1000         0.51         7.84
            8         1000         0.52        15.31
           16         1000         0.51        31.48
           32         1000         0.53        60.05
           64         1000         0.55       115.80
          128         1000         0.27       466.84
          256         1000         0.28       917.73
          512         1000         0.29      1744.50
         1024         1000         0.31      3263.65
         2048         1000         0.37      5485.27
         4096         1000         0.49      8303.47
         8192         1000         0.78     10510.78
        16384         1000         1.29     12688.23
        32768         1000        52.03       629.74
        65536          640         4.69     13984.25
       131072          320        71.15      1842.25
       262144          160        19.05     13763.25
       524288           80       237.78      2204.95
      1048576           40       240.70      4356.33
      2097152           20      1084.05      1934.55
      4194304           10      5528.31       758.70

#---------------------------------------------------
# Benchmarking Put_all_local 
# #processes = 2 
# ( 6 additional processes waiting in MPI_Barrier)
#---------------------------------------------------
       #bytes #repetitions      t[usec]   Mbytes/sec
            0         1000         0.06         0.00
            1         1000         0.21         4.73
            2         1000         0.21         9.54
            4         1000         0.21        18.96
            8         1000         0.52        15.34
           16         1000         0.50        31.97
           32         1000         0.51        63.04
           64         1000         0.56       113.99
          128         1000         0.58       218.86
          256         1000         0.75       342.17
          512         1000         0.82       627.00
         1024         1000         1.06       965.60
         2048         1000         1.54      1325.81
         4096         1000        22.32       183.48
         8192         1000        20.06       408.46
        16384         1000        26.98       607.37
        32768         1000        47.58       688.75
        65536          640        26.14      2507.40
       131072          320       137.11       955.96
       262144          160       178.02      1472.58
       524288           80       359.87      1456.90
      1048576           40      1401.38       748.25
      2097152           20      2378.13       881.85
      4194304           10      1005.05      4173.21

#---------------------------------------------------
# Benchmarking Put_all_local 
# #processes = 4 
# ( 4 additional processes waiting in MPI_Barrier)
#---------------------------------------------------
       #bytes #repetitions      t[usec]   Mbytes/sec
            0         1000         0.19         0.00
            1         1000         4.24         0.24
            2         1000         1.25         1.60
            4         1000       764.00         0.01
            8         1000         1.31         6.12
           16         1000         8.30         1.93
           32         1000       388.01         0.08
           64         1000       388.03         0.16
          128         1000       392.01         0.33
          256         1000        16.22        15.78
          512         1000       476.29         1.07
         1024         1000         2.52       405.72
         2048         1000       748.02         2.74
         4096         1000        10.25       399.70
         8192         1000       100.33        81.65
        16384         1000       384.03        42.66
        32768         1000       384.49        85.22
        65536          640       419.39       156.27
       131072          320       555.38       236.01
       262144          160      1176.78       222.76
       524288           80      4301.01       121.90
      1048576           40     13102.42        80.03
      2097152           20     17240.25       121.64
      4194304           10     28808.16       145.59

#---------------------------------------------------
# Benchmarking Put_all_local 
# #processes = 8 
#---------------------------------------------------
       #bytes #repetitions      t[usec]   Mbytes/sec
            0         1000         0.38         0.00
            1         1000       392.47         0.00
            2         1000       408.00         0.00
            4         1000       620.00         0.01
            8         1000       616.03         0.01
           16         1000       372.90         0.04
           32         1000       568.00         0.06
           64         1000       384.02         0.17
          128         1000       736.02         0.17
          256         1000       764.01         0.34
          512         1000       820.00         0.62
         1024         1000       496.02         2.06
         2048         1000       756.02         2.71
         4096         1000       912.12         4.49
         8192         1000       622.98        13.15
        16384         1000       848.05        19.32
        32768         1000       696.57        47.04
        65536          640      2037.61        32.16
       131072          320      3027.10        43.30
       262144          160      4075.62        64.32
       524288           80      9256.14        56.64
      1048576           40     21201.21        49.46
      2097152           20     37018.12        56.65
      4194304           10     54401.21        77.10

#---------------------------------------------------
# Benchmarking One_put_all 
# #processes = 2 
# ( 6 additional processes waiting in MPI_Barrier)
#---------------------------------------------------
       #bytes #repetitions      t[usec]   Mbytes/sec
            0         1000         0.06         0.00
            1         1000         0.55         1.83
            2         1000         0.54         3.68
            4         1000         0.53         7.57
            8         1000         0.21        37.45
           16         1000         0.52        30.48
           32         1000         0.53        60.05
           64         1000         0.57       112.08
          128         1000         0.60       214.58
          256         1000         0.74       344.59
          512         1000         0.81       628.65
         1024         1000         1.08       951.06
         2048         1000         1.54      1329.09
         4096         1000       408.00        10.04
         8192         1000         0.78     10523.66
        16384         1000        19.24       851.34
        32768         1000        25.07      1307.19
        65536          640        44.16      1484.16
       131072          320         9.45     13871.78
       262144          160        18.68     14032.21
       524288           80        37.93     13821.64
      1048576           40        75.86     13822.73
      2097152           20      1207.05      1737.41
      4194304           10     11382.72       368.48

#---------------------------------------------------
# Benchmarking One_put_all 
# #processes = 4 
# ( 4 additional processes waiting in MPI_Barrier)
#---------------------------------------------------
       #bytes #repetitions      t[usec]   Mbytes/sec
            0         1000         0.20         0.00
            1         1000         1.30         0.77
            2         1000         1.31         1.53
            4         1000         1.31         3.05
            8         1000         1.26         6.37
           16         1000         1.44        11.08
           32         1000       768.00         0.04
           64         1000       407.99         0.16
          128         1000         4.21        30.39
          256         1000         1.62       157.95
          512         1000        21.84        23.44
         1024         1000        17.69        57.90
         2048         1000       408.00         5.02
         4096         1000       597.07         6.86
         8192         1000        72.02       113.75
        16384         1000       120.00       136.54
        32768         1000       648.00        50.57
        65536          640       787.49        83.22
       131072          320       453.26       289.18
       262144          160      2249.89       116.51
       524288           80      1601.77       327.32
      1048576           40      3004.65       348.98
      2097152           20     15600.06       134.43
      4194304           10     23878.60       175.65

#---------------------------------------------------
# Benchmarking One_put_all 
# #processes = 8 
#---------------------------------------------------
       #bytes #repetitions      t[usec]   Mbytes/sec
            0         1000         0.41         0.00
            1         1000      1147.99         0.00
            2         1000       791.99         0.00
            4         1000       831.99         0.00
            8         1000       407.99         0.02
           16         1000       807.99         0.02
           32         1000       768.00         0.04
           64         1000       475.99         0.13
          128         1000       620.59         0.21
          256         1000       795.99         0.32
          512         1000       836.00         0.61
         1024         1000      1340.00         0.76
         2048         1000       936.02         2.19
         4096         1000      1067.99         3.84
         8192         1000       840.00         9.75
        16384         1000       868.00        18.88
        32768         1000      1008.00        32.51
        65536          640      2606.24        25.15
       131072          320      2637.48        49.70
       262144          160      5699.94        45.99
       524288           80     12849.97        40.80
      1048576           40     11364.57        92.27
      2097152           20     35999.75        58.25
      4194304           10     51599.74        81.29

#----------------------------------------------------------------
# Benchmarking All_put_all 
# #processes = 2 
# ( 6 additional processes waiting in MPI_Barrier)
#----------------------------------------------------------------
       #bytes #repetitions  t_min[usec]  t_max[usec]  t_avg[usec]
            0         1000         0.06         0.06         0.06
            1         1000         0.91         0.91         0.91
            2         1000       408.00       408.01       408.00
            4         1000         1.36         1.36         1.36
            8         1000       408.00       408.01       408.01
           16         1000         1.50         1.50         1.50
           32         1000         1.55         1.55         1.55
           64         1000         1.51         1.51         1.51
          128         1000         1.53         1.53         1.53
          256         1000         1.12         1.12         1.12
          512         1000         1.17         1.17         1.17
         1024         1000         1.28         1.28         1.28
         2048         1000         1.42         1.42         1.42
         4096         1000         1.70         1.70         1.70
         8192         1000       408.00       408.01       408.01
        16384         1000        30.20        30.20        30.20
        32768         1000        20.99        20.99        20.99
        65536          640        70.34        70.34        70.34
       131072          320       917.09       954.36       935.72
       262144          160       434.32       434.32       434.32
       524288           80      3850.04      3850.91      3850.48
      1048576           40      2348.80      2348.80      2348.80
      2097152           20      1373.03      1373.05      1373.04
      4194304           10      4758.33      4758.38      4758.36

#----------------------------------------------------------------
# Benchmarking All_put_all 
# #processes = 4 
# ( 4 additional processes waiting in MPI_Barrier)
#----------------------------------------------------------------
       #bytes #repetitions  t_min[usec]  t_max[usec]  t_avg[usec]
            0         1000         0.18         0.19         0.18
            1         1000         5.80       408.00       206.90
            2         1000        17.63       156.43        84.03
            4         1000        15.59        24.15        22.01
            8         1000       968.01      1000.01       982.01
           16         1000       428.00       456.01       448.00
           32         1000       636.30       648.31       644.23
           64         1000         8.95        16.95        11.79
          128         1000       407.99       456.00       431.99
          256         1000        28.89        29.46        29.32
          512         1000        17.26       416.01       217.76
         1024         1000        21.25       536.00       404.31
         2048         1000        10.62       407.99       208.32
         4096         1000       740.00       756.04       748.02
         8192         1000       404.00       656.00       578.01
        16384         1000       414.34       416.03       415.18
        32768         1000       631.12       648.00       640.57
        65536          640       418.08       436.90       425.87
       131072          320      1158.66      1262.53      1224.77
       262144          160      2139.91      2150.75      2147.59
       524288           80      3880.47      7200.77      5545.31
      1048576           40      1759.22     13299.69      7208.67
      2097152           20     14415.76     38200.01     21859.54
      4194304           10     53078.65     53940.20     53472.90

#----------------------------------------------------------------
# Benchmarking All_put_all 
# #processes = 8 
#----------------------------------------------------------------
       #bytes #repetitions  t_min[usec]  t_max[usec]  t_avg[usec]
            0         1000         0.38         0.40         0.39
            1         1000       431.99       792.00       739.99
            2         1000       468.39       523.98       495.04
            4         1000       643.99       788.00       721.52
            8         1000      1296.19      1348.12      1324.10
           16         1000       432.02       944.00       874.04
           32         1000       772.02       888.00       828.12
           64         1000       560.00      1172.00      1087.99
          128         1000      1100.00      1136.00      1115.00
          256         1000       788.00      1080.00       997.49
          512         1000       583.99      1152.00      1060.54
         1024         1000       739.99      1208.00      1042.99
         2048         1000       748.76      1071.98       964.18
         4096         1000       824.00       960.08       925.51
         8192         1000       773.62      1047.98       976.40
        16384         1000      1107.99      1148.00      1124.49
        32768         1000       875.90       904.09       894.97
        65536          640      2125.34      2174.94      2148.58
       131072          320      2462.90      3075.00      2960.94
       262144          160      5876.10      6600.01      6422.00
       524288           80      7813.01     11399.59     10080.30
      1048576           40     20502.79     25403.09     22956.23
      2097152           20     40845.51     54799.93     50556.38
      4194304           10     64809.27     90794.49     70529.71

#---------------------------------------------------
# Benchmarking One_get_all 
# #processes = 2 
# ( 6 additional processes waiting in MPI_Barrier)
#---------------------------------------------------
       #bytes #repetitions      t[usec]   Mbytes/sec
            0         1000         0.06         0.00
            1         1000         0.84         1.19
            2         1000         0.86         2.34
            4         1000         0.85         4.70
            8         1000         0.85         9.39
           16         1000         0.87        18.42
           32         1000         0.91        35.13
           64         1000         0.87        73.83
          128         1000         0.93       138.23
          256         1000         0.88       289.81
          512         1000         0.91       564.38
         1024         1000         1.01      1010.58
         2048         1000         1.02      1999.52
         4096         1000         1.18      3482.64
         8192         1000         1.65      4962.41
        16384         1000        18.07       906.83
        32768         1000         2.91     11274.73
        65536          640         4.80     13660.65
       131072          320         8.38     15650.02
       262144          160        19.28     13599.40
       524288           80        29.57     17732.27
      1048576           40      7202.07       145.59
      2097152           20       179.68     11671.32
      4194304           10      2691.25      1558.50

#---------------------------------------------------
# Benchmarking One_get_all 
# #processes = 4 
# ( 4 additional processes waiting in MPI_Barrier)
#---------------------------------------------------
       #bytes #repetitions      t[usec]   Mbytes/sec
            0         1000         0.19         0.00
            1         1000        20.75         0.05
            2         1000         8.74         0.23
            4         1000        21.77         0.18
            8         1000         2.60         3.08
           16         1000       132.38         0.12
           32         1000       408.01         0.08
           64         1000       404.01         0.16
          128         1000       404.02         0.32
          256         1000       408.01         0.63
          512         1000       788.00         0.65
         1024         1000       644.01         1.59
         2048         1000       408.01         5.02
         4096         1000       408.04        10.04
         8192         1000       206.82        39.61
        16384         1000       412.07        39.76
        32768         1000        11.06      2963.96
        65536          640       787.71        83.20
       131072          320        77.54      1690.40
       262144          160       171.97      1524.37
       524288           80      3950.29       132.72
      1048576           40      7204.60       145.54
      2097152           20     13216.73       158.67
      4194304           10      5828.07       719.67

#---------------------------------------------------
# Benchmarking One_get_all 
# #processes = 8 
#---------------------------------------------------
       #bytes #repetitions      t[usec]   Mbytes/sec
            0         1000         0.38         0.00
            1         1000       788.00         0.00
            2         1000       404.01         0.00
            4         1000       408.01         0.01
            8         1000       436.01         0.02
           16         1000       432.00         0.04
           32         1000       796.00         0.04
           64         1000       404.00         0.16
          128         1000       408.02         0.31
          256         1000       408.01         0.63
          512         1000       788.01         0.65
         1024         1000       468.00         2.19
         2048         1000       784.01         2.61
         4096         1000       428.03         9.57
         8192         1000       873.02         9.38
        16384         1000       496.12        33.02
        32768         1000       664.10        49.34
        65536          640      1343.99        48.76
       131072          320      1950.05        67.21
       262144          160      2650.22        98.91
       524288           80      4100.37       127.86
      1048576           40      6903.86       151.88
      2097152           20     13244.52       158.34
      4194304           10     26011.20       161.25

#----------------------------------------------------------------
# Benchmarking All_get_all 
# #processes = 2 
# ( 6 additional processes waiting in MPI_Barrier)
#----------------------------------------------------------------
       #bytes #repetitions  t_min[usec]  t_max[usec]  t_avg[usec]
            0         1000         0.06         0.06         0.06
            1         1000         1.58         1.61         1.59
            2         1000         1.54         1.60         1.57
            4         1000         1.48         1.55         1.51
            8         1000         1.50         1.56         1.53
           16         1000         1.58         1.59         1.59
           32         1000         1.55         1.56         1.56
           64         1000         1.61         1.65         1.63
          128         1000         1.54         1.58         1.56
          256         1000         3.37         3.38         3.37
          512         1000         1.67         1.68         1.67
         1024         1000         1.73         1.75         1.74
         2048         1000        74.29        74.30        74.29
         4096         1000         2.59         2.61         2.60
         8192         1000         2.64         2.71         2.67
        16384         1000        20.06        20.76        20.41
        32768         1000         5.88         7.18         6.53
        65536          640        10.43        12.36        11.40
       131072          320        18.64        23.14        20.89
       262144          160        42.65       242.26       142.46
       524288           80      2081.67      2389.58      2235.62
      1048576           40       122.53       542.41       332.47
      2097152           20      1088.40      1274.91      1181.66
      4194304           10      2487.40      3078.65      2783.02

#----------------------------------------------------------------
# Benchmarking All_get_all 
# #processes = 4 
# ( 4 additional processes waiting in MPI_Barrier)
#----------------------------------------------------------------
       #bytes #repetitions  t_min[usec]  t_max[usec]  t_avg[usec]
            0         1000         0.18         0.18         0.18
            1         1000        26.15        26.35        26.25
            2         1000        26.10        26.39        26.28
            4         1000         8.48       892.64       644.44
            8         1000       224.02       232.32       226.19
           16         1000         8.38       960.02       636.19
           32         1000        10.74        61.30        42.58
           64         1000        10.44        25.79        15.19
          128         1000       576.88       916.01       726.32
          256         1000       200.49       200.67       200.58
          512         1000        44.41        45.23        45.00
         1024         1000        21.95       552.59       382.93
         2048         1000        20.22       560.65       404.55
         4096         1000        56.94        80.00        66.56
         8192         1000        22.27       453.79       334.50
        16384         1000       646.31       683.45       668.27
        32768         1000       142.78       166.25       160.19
        65536          640       561.75       613.72       579.81
       131072          320      1026.72      1287.70      1207.17
       262144          160       582.60      2703.49      2168.10
       524288           80      1169.78      3888.52      3157.63
      1048576           40      4934.71     17405.77     11341.79
      2097152           20      5565.14      9485.50      7386.75
      4194304           10     26483.20     34429.96     30707.58

#----------------------------------------------------------------
# Benchmarking All_get_all 
# #processes = 8 
#----------------------------------------------------------------
       #bytes #repetitions  t_min[usec]  t_max[usec]  t_avg[usec]
            0         1000         0.37         0.39         0.38
            1         1000      1047.99      1404.08      1312.12
            2         1000      1224.02      2060.03      1784.51
            4         1000      1392.02      1812.02      1695.62
            8         1000      1016.12      1528.01      1283.11
           16         1000      1112.57      1700.03      1544.67
           32         1000      1571.99      1775.95      1692.42
           64         1000      1152.06      2004.00      1592.10
          128         1000      1208.39      1720.06      1585.08
          256         1000      1200.01      1595.98      1439.23
          512         1000      1812.02      2020.00      1915.21
         1024         1000      1324.16      1755.98      1548.69
         2048         1000      1005.32      1368.04      1197.39
         4096         1000      1084.73      1696.38      1343.35
         8192         1000      1400.05      2148.00      1800.60
        16384         1000      1156.08      1476.05      1333.01
        32768         1000      1185.47      1636.05      1396.46
        65536          640      1718.97      3400.09      2692.89
       131072          320      2175.49      4737.99      3003.79
       262144          160      3153.70      5974.92      4476.49
       524288           80      6570.06     18547.01     14432.20
      1048576           40      8338.72     16068.46     13395.20
      2097152           20     18049.17     38933.28     29442.60
      4194304           10     55074.38    112624.17     79822.29

#----------------------------------------------------------------
# Benchmarking Exchange_put 
# #processes = 2 
# ( 6 additional processes waiting in MPI_Barrier)
#----------------------------------------------------------------
       #bytes #repetitions  t_min[usec]  t_max[usec]  t_avg[usec]
            0         1000         0.14         0.15         0.15
            1         1000         1.30         1.30         1.30
            2         1000         1.30         1.30         1.30
            4         1000         1.07         1.07         1.07
            8         1000         1.08         1.08         1.08
           16         1000         1.46         1.46         1.46
           32         1000         1.44         1.44         1.44
           64         1000         1.45         1.45         1.45
          128         1000         1.49         1.49         1.49
          256         1000         1.52         1.52         1.52
          512         1000         1.58         1.58         1.58
         1024         1000         1.70         1.70         1.70
         2048         1000         1.93         1.93         1.93
         4096         1000        22.48        22.48        22.48
         8192          515         5.04         5.04         5.04
        16384          515         7.42         7.42         7.42
        32768          515        51.56        51.56        51.56
        65536          515       137.68       137.69       137.68
       131072          320       366.86       366.87       366.87
       262144          160       297.01       297.03       297.02
       524288           80      1222.51      1222.51      1222.51
      1048576           40      3333.56      3333.57      3333.57
      2097152           20      5501.69      5699.38      5600.54
      4194304           10      7221.79      7222.06      7221.93

#----------------------------------------------------------------
# Benchmarking Exchange_put 
# #processes = 4 
# ( 4 additional processes waiting in MPI_Barrier)
#----------------------------------------------------------------
       #bytes #repetitions  t_min[usec]  t_max[usec]  t_avg[usec]
            0         1000         0.19         0.20         0.20
            1         1000         1.51     27691.99     13118.84
            2          404      1951.90     26485.14     13755.63
            4          302         2.28         2.33         2.29
            8          302         2.23         2.30         2.26
           16          302         2.64         2.73         2.68
           32          302         1.92     23933.73     11964.43
           64          302        28.49      3869.80      2899.47
          128          302         2.95         3.02         2.99
          256          205         2.11     23902.40     11952.22
          512          205         2.04     23999.97      9693.86
         1024          205         3.61         3.71         3.67
         2048          205         2.82     24819.48     14722.95
         4096          205         2.93       160.14       106.04
         8192          205         6.29         6.34         6.31
        16384          205         7.60       107.12        81.85
        32768          205      4612.61      9356.08      8150.23
        65536          205        33.29      3148.67      2334.77
       131072          205        32.14      1632.60       759.01
       262144          160       453.90       462.82       459.52
       524288           80       334.39      8081.39      4179.65
      1048576           40      1427.42     24604.29     18582.70
      2097152           20      5920.42     63199.72     34479.95
      4194304           10     14990.85     16881.63     16266.98

#----------------------------------------------------------------
# Benchmarking Exchange_put 
# #processes = 8 
#----------------------------------------------------------------
       #bytes #repetitions  t_min[usec]  t_max[usec]  t_avg[usec]
            0         1000         0.20        24.21        15.70
            1          381         1.87     28073.49     10666.36
            2          263         2.62     31452.45     10066.75
            4          263      2192.38     24288.96     10600.67
            8          263        17.82     28714.77     16586.56
           16          263         3.01     29642.54     15754.07
           32          263         4.47     24243.22      9834.61
           64          263       412.20     30509.45      8552.53
          128          263         1.65     27209.08     11436.32
          256          263         2.01     28866.90     15004.62
          512          201         2.13     37771.11     17306.74
         1024          201         2.32     29412.92     10760.12
         2048          201         2.37     24039.79     12225.17
         4096          201        43.08     29014.90     20266.87
         8192          201         3.99     30865.57     14603.81
        16384          201         6.70     23940.26      5995.04
        32768          201        14.44      4944.84      2907.11
        65536          201        12.85     23880.56      4862.05
       131072          201     16526.53     29512.43     25493.67
       262144          160       163.08     28624.98     19760.78
       524288           80      1923.57     30799.94     19491.96
      1048576           40       767.90     25000.05     12072.43
      2097152           20      3155.16     62276.82     29478.71
      4194304           10      9692.62     91594.08     52358.77

#----------------------------------------------------------------
# Benchmarking Exchange_get 
# #processes = 2 
# ( 6 additional processes waiting in MPI_Barrier)
#----------------------------------------------------------------
       #bytes #repetitions  t_min[usec]  t_max[usec]  t_avg[usec]
            0         1000         0.15         0.15         0.15
            1         1000         1.48         1.48         1.48
            2         1000         1.47         1.47         1.47
            4         1000         1.49         1.49         1.49
            8         1000         1.48         1.48         1.48
           16         1000         1.71         1.71         1.71
           32         1000         1.70         1.70         1.70
           64         1000         1.74         1.74         1.74
          128         1000         1.78         1.79         1.78
          256         1000         9.87         9.87         9.87
          512         1000         2.03         2.03         2.03
         1024         1000         1.79         1.79         1.79
         2048         1000         2.05         2.05         2.05
         4096         1000         2.56         2.56         2.56
         8192         1000         3.64         3.64         3.64
        16384         1000        21.63        21.63        21.63
        32768         1000        22.41        22.41        22.41
        65536          640        39.86        39.86        39.86
       131072          320       297.07       297.07       297.07
       262144          160       183.07       183.08       183.07
       524288           80       617.71       617.80       617.75
      1048576           40      1867.29      1867.48      1867.38
      2097152           20      9565.72      9597.97      9581.85
      4194304           10     18844.32     18863.22     18853.77

#----------------------------------------------------------------
# Benchmarking Exchange_get 
# #processes = 4 
# ( 4 additional processes waiting in MPI_Barrier)
#----------------------------------------------------------------
       #bytes #repetitions  t_min[usec]  t_max[usec]  t_avg[usec]
            0         1000        24.19        24.21        24.20
            1          398        11.37     14824.11      7827.23
            2          395       497.38      2522.88      1512.67
            4          395         2.12         2.14         2.13
            8          395         2.12         2.13         2.12
           16          395         2.24         2.26         2.25
           32          395         2.19         2.20         2.19
           64          395         2.08         2.09         2.09
          128          395     24040.50     24070.88     24055.69
          256          395      1945.39     24081.01     15780.01
          512          395         2.29         2.32         2.30
         1024          395        22.03     24101.29     12140.05
         2048          395         2.02     16536.69     10182.98
         4096          395         2.67     18147.39      5379.21
         8192          395         5.31         5.39         5.36
        16384          395         8.10      1374.93       602.91
        32768          395        10.81      7944.52      3987.61
        65536          395        60.16       172.88       144.65
       131072          320       298.97      8612.49      3838.15
       262144          160       297.41      4036.48      2960.67
       524288           80        91.78     23856.83     14154.00
      1048576           40       767.03     22202.38     13859.23
      2097152           20      1504.65     30219.24     19699.00
      4194304           10     50398.73     50798.73     50498.96

#----------------------------------------------------------------
# Benchmarking Exchange_get 
# #processes = 8 
#----------------------------------------------------------------
       #bytes #repetitions  t_min[usec]  t_max[usec]  t_avg[usec]
            0         1000         0.20        24.21        12.71
            1          398       734.79     24060.30     12408.83
            2          395         1.75     24101.24     15775.10
            4          395        52.29     14886.05      8438.65
            8          395         1.74     13427.82      6950.20
           16          395         1.90     24070.89      7732.94
           32          395         2.19     24050.64      7896.24
           64          395         2.00     16131.57      2771.23
          128          395         2.47     24081.01     10125.06
          256          395         2.37     24111.38      9313.99
          512          395         2.50     24070.88      9466.02
         1024          395         2.77     24131.64     10312.89
         2048          395        23.66     14329.11      7767.34
         4096          395         4.72     20516.45      4249.16
         8192          395         7.13     24040.51      9148.04
        16384          383       324.60     24052.24     15990.88
        32768          383        82.36     24052.17     10199.20
        65536          383        23.65     24114.81      9489.38
       131072          320       235.42     17237.48      7412.30
       262144          160       193.86     24174.50     10524.37
       524288 time-out.; Time limit (secs_per_sample * msg_sizes_list_len) is over; use "-time X" or SECS_PER_SAMPLE=X (IMB_settings.h) to increase time limit.

#---------------------------------------------------
# Benchmarking Accumulate 
# #processes = 2 
# ( 6 additional processes waiting in MPI_Barrier)
#---------------------------------------------------
#
#    MODE: NON-AGGREGATE 
#
       #bytes #repetitions      t[usec]   Mbytes/sec
            0          100         0.11         0.00
            4          100         0.60         6.63
            8          100         1.90         4.22
           16          100         2.23         7.18
           32          100         2.26        14.19
           64          100         2.35        27.25
          128          100         0.80       159.78
          256          100         0.94       271.15
          512          100         0.97       528.94
         1024          100         1.18       867.67
         2048          100         1.57      1303.48
         4096          100         2.27      1800.82
         8192          100         3.76      2181.57
        16384          100        16.64       984.66
        32768          100        29.06      1127.47
        65536          100        47.11      1391.22
       131072          100       241.87       541.90
       262144          100       943.67       277.79
       524288           80      1201.08       436.51
      1048576           40      1199.22       874.38
      2097152           20      4639.85       451.99
      4194304           10      4676.82       896.83

#---------------------------------------------------
# Benchmarking Accumulate 
# #processes = 2 
# ( 6 additional processes waiting in MPI_Barrier)
#---------------------------------------------------
#
#    MODE: AGGREGATE 
#
       #bytes #repetitions      t[usec]   Mbytes/sec
            0         1000         0.05         0.00
            4         1000         0.21        19.00
            8         1000         0.21        38.13
           16         1000         0.52        30.77
           32         1000         0.52        60.98
           64         1000         0.31       204.60
          128         1000         0.59       216.57
          256         1000         0.72       353.90
          512         1000         0.84       612.69
         1024         1000         1.06       968.86
         2048         1000         1.52      1343.65
         4096         1000         2.50      1638.99
         8192         1000         4.31      1899.59
        16384         1000        23.31       703.02
        32768         1000       408.00        80.31
        65536          640       146.56       447.16
       131072          320        85.27      1537.12
       262144          160       291.44       899.48
       524288           80      4200.04       124.83
      1048576           40      1793.45       584.67
      2097152           20       772.02      2716.44
      4194304           10      2639.87      1588.83

#---------------------------------------------------
# Benchmarking Get_accumulate 
# #processes = 2 
# ( 6 additional processes waiting in MPI_Barrier)
#---------------------------------------------------
#
#    MODE: NON-AGGREGATE 
#
       #bytes #repetitions      t[usec]   Mbytes/sec
            0          100       240.10         0.00
            4          100         1.49         2.69
            8          100         1.50         5.33
           16          100         1.95         8.20
           32          100         1.95        16.39
           64          100         0.94        67.96
          128          100         0.97       131.59
          256          100         0.98       260.62
          512          100         1.22       419.43
         1024          100         3.85       265.78
         2048          100         5.54       369.94
         4096          100         8.82       464.45
         8192          100        15.10       542.38
        16384          100         9.68      1692.60
        32768          100        18.98      1726.84
        65536          100        38.29      1711.36
       131072          100        74.91      1749.64
       262144          100       304.77       860.14
       524288           80       973.68       538.46
      1048576           40       769.63      1362.45
      2097152           20      3260.52       643.20
      4194304           10     50414.37        83.20

#---------------------------------------------------
# Benchmarking Get_accumulate 
# #processes = 2 
# ( 6 additional processes waiting in MPI_Barrier)
#---------------------------------------------------
#
#    MODE: AGGREGATE 
#
       #bytes #repetitions      t[usec]   Mbytes/sec
            0         1000         0.07         0.00
            4         1000         1.27         3.14
            8         1000         1.38         5.80
           16         1000         1.46        10.95
           32         1000         1.47        21.80
           64         1000         1.50        42.66
          128         1000         1.52        84.25
          256         1000         1.59       160.96
          512         1000         1.93       264.76
         1024         1000         2.41       424.24
         2048         1000         1.48      1386.82
         4096         1000         2.33      1756.81
         8192         1000        23.82       343.96
        16384         1000        38.93       420.85
        32768         1000        87.22       375.69
        65536          640        78.84       831.20
       131072          320       143.09       916.03
       262144          160      2075.81       126.29
       524288           80       405.83      1291.88
      1048576           40      1227.80       854.03
      2097152           20      5538.68       378.64
      4194304           10      8303.69       505.11

#---------------------------------------------------
# Benchmarking Fetch_and_op 
# #processes = 2 
# ( 6 additional processes waiting in MPI_Barrier)
#---------------------------------------------------
#
#    MODE: NON-AGGREGATE 
#
       #bytes #repetitions      t[usec]   Mbytes/sec
            4          100       401.69         0.01

#---------------------------------------------------
# Benchmarking Fetch_and_op 
# #processes = 2 
# ( 6 additional processes waiting in MPI_Barrier)
#---------------------------------------------------
#
#    MODE: AGGREGATE 
#
       #bytes #repetitions      t[usec]   Mbytes/sec
            4         1000         1.16         3.43

#---------------------------------------------------
# Benchmarking Compare_and_swap 
# #processes = 2 
# ( 6 additional processes waiting in MPI_Barrier)
#---------------------------------------------------
#
#    MODE: NON-AGGREGATE 
#
       #bytes #repetitions      t[usec]   Mbytes/sec
            4          100         0.45         8.97

#---------------------------------------------------
# Benchmarking Compare_and_swap 
# #processes = 2 
# ( 6 additional processes waiting in MPI_Barrier)
#---------------------------------------------------
#
#    MODE: AGGREGATE 
#
       #bytes #repetitions      t[usec]   Mbytes/sec
            4         1000         1.23         3.26

#---------------------------------------------------
# Benchmarking Truly_passive_put 
# #processes = 2 
# ( 6 additional processes waiting in MPI_Barrier)
#---------------------------------------------------
       #bytes #repetitions t_pure[usec] t_ovrl[usec]
            0         1000        13.89         0.00
            1         1000         3.52         0.00
            2         1000        19.56         0.00
            4         1000         3.54         0.00
            8          401     24089.79         0.00
           16          401        53.56         0.00
           32          401         3.61         0.00
           64          401         3.57         0.00
          128          401         3.54         0.00
          256          401         3.60         0.00
          512          401         3.51         0.00
         1024          401         3.71         0.00
         2048          401        34.44         0.00
         4096          398     24110.54         0.00
         8192          398     24010.05         0.00
        16384          398        62.63         0.00
        32768          398        34.97         0.00
        65536          398     24050.27         0.00
       131072          320        92.44         0.00
       262144          160       149.61         0.00
       524288           80       291.93         0.00
      1048576           40      1064.26         0.00
      2097152           20       259.80         0.00
      4194304           10      2461.19         0.00


# All processes entering MPI_Finalize

