#------------------------------------------------------------
#    Intel(R) MPI Benchmarks 2019 Update 3, MPI-2 part    
#------------------------------------------------------------
# Date                  : Tue Nov 26 17:12:12 2019
# Machine               : x86_64
# System                : Linux
# Release               : 4.15.0-1051-aws
# Version               : #53-Ubuntu SMP Wed Sep 18 13:35:53 UTC 2019
# MPI Version           : 3.1
# MPI Thread Environment: 


# Calling sequence was: 

# ./IMB-EXT

# Minimum message length in bytes:   0
# Maximum message length in bytes:   4194304
#
# MPI_Datatype                   :   MPI_BYTE 
# MPI_Datatype for reductions    :   MPI_FLOAT
# MPI_Op                         :   MPI_SUM  
#
#

# List of Benchmarks to run:

# Window
# Unidir_Get
# Unidir_Put
# Bidir_Get
# Bidir_Put
# Accumulate

#----------------------------------------------------------------
# Benchmarking Window 
# #processes = 2 
# ( 6 additional processes waiting in MPI_Barrier)
#----------------------------------------------------------------
       #bytes #repetitions  t_min[usec]  t_max[usec]  t_avg[usec]
            0          100       159.19       159.23       159.21
            4          100        38.37        38.41        38.39
            8          100       196.03       196.07       196.05
           16          100        34.98        35.02        35.00
           32          100       279.29       279.33       279.31
           64          100        38.49        38.53        38.51
          128          100        36.78        36.83        36.81
          256          100        38.49        38.54        38.51
          512          100        46.73        46.76        46.74
         1024          100        46.02        46.06        46.04
         2048          100        43.25        43.29        43.27
         4096          100        42.75        42.78        42.76
         8192          100        45.66        45.70        45.68
        16384          100        45.87        45.91        45.89
        32768          100        42.69        42.72        42.71
        65536          100       245.94       245.98       245.96
       131072          100       195.69       195.73       195.71
       262144          100       195.94       195.98       195.96
       524288           80        37.67        37.72        37.69
      1048576           40        35.24        35.35        35.29
      2097152           20        35.60        35.80        35.70
      4194304           10        35.83        36.22        36.03

#----------------------------------------------------------------
# Benchmarking Window 
# #processes = 4 
# ( 4 additional processes waiting in MPI_Barrier)
#----------------------------------------------------------------
       #bytes #repetitions  t_min[usec]  t_max[usec]  t_avg[usec]
            0          100       251.57       251.62       251.59
            4          100        50.28        50.32        50.29
            8           76    137368.62    137526.40    137447.49
           16           65    146338.59    146523.26    146446.29
           32           65       361.55       361.61       361.57
           64           65      8483.66      8483.75      8483.69
          128           65    146338.53    146523.31    146415.49
          256           65    119077.08    119138.62    119123.23
          512           65    120369.28    120430.89    120400.08
         1024           65    118215.48    118523.18    118292.42
         2048           65      2573.57      2573.64      2573.59
         4096           65    134707.91    134954.02    134846.30
         8192           65    119076.98    119384.74    119200.10
        16384           65       361.99       362.06       362.01
        32768           65        53.57        53.64        53.60
        65536           65       298.39       298.48       298.41
       131072           65       238.78       238.85       238.80
       262144           65    130338.56    130523.15    130415.49
       524288           65    122892.39    123138.51    122984.72
      1048576           40    138200.02    138600.31    138425.14
      2097152           20        59.13        59.38        59.20
      4194304           10        50.66        51.07        50.78

#----------------------------------------------------------------
# Benchmarking Window 
# #processes = 8 
#----------------------------------------------------------------
       #bytes #repetitions  t_min[usec]  t_max[usec]  t_avg[usec]
            0           56    182571.63    182857.32    182732.24
            4           56    181643.02    181785.93    181660.91
            8           56    175928.72    176428.74    176214.43
           16           54    169555.71    170000.20    169787.20
           32           52    192230.83    192231.40    192231.06
           64           52    170923.21    171153.94    171028.99
          128           52    180230.77    180461.68    180355.84
          256           48    185749.52    186250.07    186031.20
          512           48    199166.79    199500.19    199270.99
         1024           48    181416.83    181833.63    181614.73
         2048           48    199833.47    200166.76    199958.51
         4096           48    190000.15    190750.19    190468.91
         8192           48    157416.86    158000.18    157770.98
        16384           48    201166.83    201583.52    201427.20
        32768           48    186916.85    187333.60    187187.61
        65536           48    189916.80    190583.49    190187.59
       131072           48    185583.54    185916.93    185823.06
       262144 time-out.; Time limit (secs_per_sample * msg_sizes_list_len) is over; use "-time X" or SECS_PER_SAMPLE=X (IMB_settings.h) to increase time limit.

#---------------------------------------------------
# Benchmarking Unidir_Get 
# #processes = 2 
# ( 6 additional processes waiting in MPI_Barrier)
#---------------------------------------------------
#
#    MODE: AGGREGATE 
#
       #bytes #repetitions      t[usec]   Mbytes/sec
            0         1000         0.04         0.00
            4         1000         0.84         4.77
            8         1000         0.78        10.23
           16         1000         0.71        22.43
           32         1000         0.71        44.96
           64         1000         0.72        88.92
          128         1000         0.87       146.37
          256         1000         0.70       364.97
          512         1000         0.72       712.03
         1024         1000         0.73      1395.83
         2048         1000         0.83      2459.89
         4096         1000         1.10      3728.27
         8192         1000       376.03        21.79
        16384         1000       388.05        42.22
        32768         1000         2.66     12323.05
        65536          640         4.33     15136.97
       131072          320         6.81     19255.90
       262144          160        12.68     20672.37
       524288           80        24.87     21078.58
      1048576           40        57.20     18332.83
      2097152           20       170.30     12314.28
      4194304           10      3145.53      1333.42

#---------------------------------------------------
# Benchmarking Unidir_Get 
# #processes = 2 
# ( 6 additional processes waiting in MPI_Barrier)
#---------------------------------------------------
#
#    MODE: NON-AGGREGATE 
#
       #bytes #repetitions      t[usec]   Mbytes/sec
            0          100         1.90         0.00
            4          100         2.01         1.99
            8          100         2.49         3.21
           16          100         2.13         7.50
           32          100         2.05        15.64
           64          100         2.05        31.25
          128          100         2.06        62.14
          256          100         2.07       123.85
          512          100         2.11       242.38
         1024          100         2.21       462.32
         2048          100         2.18       938.79
         4096          100         2.94      1391.08
         8192          100         4.06      2017.60
        16384          100         6.76      2423.11
        32768          100         8.02      4085.58
        65536          100         9.68      6767.06
       131072          100        10.97     11943.42
       262144          100        20.07     13062.99
       524288           80      1980.91       264.67
      1048576           40        57.84     18128.80
      2097152           20       188.60     11119.52
      4194304           10      3518.61      1192.04

#---------------------------------------------------
# Benchmarking Unidir_Put 
# #processes = 2 
# ( 6 additional processes waiting in MPI_Barrier)
#---------------------------------------------------
#
#    MODE: AGGREGATE 
#
       #bytes #repetitions      t[usec]   Mbytes/sec
            0         1000         0.04         0.00
            4         1000         0.19        20.82
            8         1000         0.23        34.41
           16         1000         0.22        71.70
           32         1000         0.28       115.61
           64         1000         0.23       277.60
          128         1000         0.22       570.53
          256         1000         0.23      1113.84
          512         1000         0.23      2186.85
         1024         1000         0.26      3947.58
         2048         1000         0.51      4029.05
         4096         1000         0.77      5348.65
         8192         1000         1.18      6958.23
        16384         1000         1.07     15363.17
        32768         1000         1.94     16913.48
        65536          640        16.68      3928.67
       131072          320         7.62     17201.71
       262144          160        15.26     17173.16
       524288           80        30.06     17438.73
      1048576           40        64.49     16258.95
      2097152           20       179.66     11672.87
      4194304           10      2640.56      1588.42

#---------------------------------------------------
# Benchmarking Unidir_Put 
# #processes = 2 
# ( 6 additional processes waiting in MPI_Barrier)
#---------------------------------------------------
#
#    MODE: NON-AGGREGATE 
#
       #bytes #repetitions      t[usec]   Mbytes/sec
            0          100         1.85         0.00
            4          100         1.75         2.29
            8          100         1.75         4.57
           16          100         2.01         7.98
           32          100         1.85        17.32
           64          100         1.85        34.68
          128          100         2.02        63.46
          256          100         2.05       125.14
          512          100         1.87       273.91
         1024          100         2.32       440.96
         2048          100         2.15       951.27
         4096          100         2.81      1457.16
         8192          100         3.38      2424.82
        16384          100         3.77      4349.33
        32768          100         5.34      6132.93
        65536          100         7.47      8773.63
       131072          100        10.07     13015.05
       262144          100        16.65     15741.04
       524288           80        28.87     18158.74
      1048576           40        56.82     18453.99
      2097152           20      1202.17      1744.48
      4194304           10      1928.26      2175.18

#---------------------------------------------------
# Benchmarking Bidir_Get 
# #processes = 2 
# ( 6 additional processes waiting in MPI_Barrier)
#---------------------------------------------------
#
#    MODE: AGGREGATE 
#
       #bytes #repetitions      t[usec]   Mbytes/sec
            0         1000         0.05         0.00
            4         1000         1.23         3.26
            8         1000         1.22         6.53
           16         1000         1.25        12.76
           32         1000         1.25        25.51
           64         1000         1.28        49.86
          128         1000         1.33        96.25
          256         1000         1.42       180.25
          512         1000         1.28       400.95
         1024         1000         1.48       692.29
         2048         1000         1.76      1165.84
         4096         1000         2.02      2026.41
         8192         1000        22.63       361.95
        16384         1000        19.68       832.69
        32768         1000        25.25      1297.94
        65536          640        34.17      1918.16
       131072          320        80.41      1630.08
       262144          160       134.75      1945.37
       524288           80       263.15      1992.37
      1048576           40       132.62      7906.60
      2097152           20      1051.25      1994.92
      4194304           10     18148.61       231.11

#---------------------------------------------------
# Benchmarking Bidir_Get 
# #processes = 2 
# ( 6 additional processes waiting in MPI_Barrier)
#---------------------------------------------------
#
#    MODE: NON-AGGREGATE 
#
       #bytes #repetitions      t[usec]   Mbytes/sec
            0          100         1.73         0.00
            4          100         3.11         1.28
            8          100         2.51         3.19
           16          100         2.59         6.19
           32          100         2.50        12.79
           64          100         2.56        24.99
          128          100         2.64        48.50
          256          100         2.67        95.96
          512          100         3.29       155.39
         1024          100         2.85       359.71
         2048          100         3.57       574.19
         4096          100         3.35      1222.77
         8192          100         4.33      1891.01
        16384          100         4.75      3448.04
        32768          100         5.92      5532.97
        65536          100        10.19      6428.39
       131072          100        19.25      6808.96
       262144          100       279.25       938.73
       524288           80       284.28      1844.24
      1048576           40      1068.32       981.52
      2097152           20     36412.87        57.59
      4194304           10      6431.63       652.14

#---------------------------------------------------
# Benchmarking Bidir_Put 
# #processes = 2 
# ( 6 additional processes waiting in MPI_Barrier)
#---------------------------------------------------
#
#    MODE: AGGREGATE 
#
       #bytes #repetitions      t[usec]   Mbytes/sec
            0         1000         0.04         0.00
            4         1000         0.76         5.25
            8         1000         0.76        10.55
           16         1000         1.03        15.61
           32         1000         1.01        31.69
           64         1000         0.87        73.83
          128         1000         0.89       143.36
          256         1000         0.90       283.98
          512         1000         1.12       458.67
         1024         1000         1.01      1011.53
         2048         1000         1.31      1562.94
         4096         1000         1.68      2442.40
         8192         1000        18.36       446.18
        16384         1000         3.22      5091.09
        32768         1000        25.14      1303.43
        65536          640        27.82      2356.02
       131072          320        64.92      2019.03
       262144          160       129.06      2031.13
       524288           80       257.93      2032.65
      1048576           40       639.83      1638.83
      2097152           20      1301.77      1611.01
      4194304           10      2837.68      1478.07

#---------------------------------------------------
# Benchmarking Bidir_Put 
# #processes = 2 
# ( 6 additional processes waiting in MPI_Barrier)
#---------------------------------------------------
#
#    MODE: NON-AGGREGATE 
#
       #bytes #repetitions      t[usec]   Mbytes/sec
            0          100         1.63         0.00
            4          100         2.21         1.81
            8          100         2.22         3.60
           16          100         2.38         6.72
           32          100         2.71        11.81
           64          100         2.31        27.73
          128          100     24000.03         0.01
          256          100         2.35       109.01
          512          100         2.42       211.78
         1024          100         2.47       414.17
         2048          100         2.73       750.21
         4096          100         3.86      1062.45
         8192          100         3.70      2212.48
        16384          100         4.62      3547.73
        32768          100         7.30      4490.00
        65536          100         9.61      6819.10
       131072          100        19.98      6559.55
       262144          100       197.58      1326.81
       524288           80       239.55      2188.65
      1048576           40       667.32      1571.33
      2097152           20      2053.62      1021.20
      4194304           10      5971.62       702.37

#----------------------------------------------------------------
# Benchmarking Accumulate 
# #processes = 2 
# ( 6 additional processes waiting in MPI_Barrier)
#----------------------------------------------------------------
#
#    MODE: AGGREGATE 
#
       #bytes #repetitions  t_min[usec]  t_max[usec]  t_avg[usec]
            0         1000         0.04         0.04         0.04
            4         1000         0.33         0.33         0.33
            8         1000         0.39         0.39         0.39
           16         1000         0.36         0.37         0.36
           32         1000         0.44         0.45         0.44
           64         1000         0.37         0.38         0.37
          128         1000         0.39         0.40         0.39
          256         1000         0.47         0.49         0.48
          512         1000         0.60         0.62         0.61
         1024         1000         0.81         0.84         0.82
         2048         1000         1.21         1.26         1.24
         4096         1000         2.16         2.24         2.20
         8192         1000        19.92        20.07        20.00
        16384         1000        31.55        31.83        31.69
        32768         1000        46.40        46.41        46.40
        65536          640        36.23        37.14        36.69
       131072          320       143.61       145.93       144.77
       262144          160       200.76       281.50       241.13
       524288           80       282.95       294.21       288.58
      1048576           40      1764.67      1787.17      1775.92
      2097152           20      1488.46      1537.16      1512.81
      4194304           10      7249.88      7342.93      7296.41

#----------------------------------------------------------------
# Benchmarking Accumulate 
# #processes = 2 
# ( 6 additional processes waiting in MPI_Barrier)
#----------------------------------------------------------------
#
#    MODE: NON-AGGREGATE 
#
       #bytes #repetitions  t_min[usec]  t_max[usec]  t_avg[usec]
            0          100         1.54         1.54         1.54
            4          100         2.55         2.55         2.55
            8          100         1.88         1.88         1.88
           16          100         1.96         1.97         1.97
           32          100     23999.90     23999.95     23999.93
           64          100         2.52         2.52         2.52
          128          100         2.12         2.12         2.12
          256          100         2.12         2.13         2.12
          512          100         2.23         2.25         2.24
         1024          100         3.06         3.11         3.09
         2048          100         3.49         3.58         3.53
         4096          100         3.95         4.07         4.01
         8192          100         5.86         6.07         5.96
        16384          100        11.06        11.45        11.25
        32768          100        17.66        18.45        18.06
        65536          100        34.14        35.68        34.91
       131072          100        68.96        72.02        70.49
       262144          100       455.43       461.59       458.51
       524288           80      1514.64      1553.57      1534.10
      1048576           40      1326.54      1341.30      1333.92
      2097152           20      4934.31      4953.28      4943.79
      4194304           10      9607.65      9620.40      9614.03

#----------------------------------------------------------------
# Benchmarking Accumulate 
# #processes = 4 
# ( 4 additional processes waiting in MPI_Barrier)
#----------------------------------------------------------------
#
#    MODE: AGGREGATE 
#
       #bytes #repetitions  t_min[usec]  t_max[usec]  t_avg[usec]
            0         1000         0.06        24.00        15.01
            4         1000         0.25        24.00        16.06
            8         1000       360.01       408.00       384.00
           16         1000       360.01       384.01       375.01
           32         1000         0.75         0.80         0.77
           64         1000       360.01       384.01       368.01
          128         1000       360.01       384.01       372.01
          256         1000       360.02       384.02       372.02
          512         1000         1.25         1.32         1.29
         1024         1000         1.73         1.83         1.78
         2048         1000       360.01       384.02       373.01
         4096         1000         1.43        24.00        15.36
         8192         1000        16.26        48.01        34.07
        16384         1000       360.03       384.11       369.05
        32768         1000       360.04       384.22       372.08
        65536          640        80.06       112.54        96.30
       131072          320       800.75       803.48       801.44
       262144          160       900.00      1052.10       969.90
       524288           80      3602.06      3907.07      3690.84
      1048576           40      3000.15      3399.94      3101.93
      2097152           20     14405.12     15999.98     15301.50
      4194304           10     11531.71     13199.78     12265.86

#----------------------------------------------------------------
# Benchmarking Accumulate 
# #processes = 4 
# ( 4 additional processes waiting in MPI_Barrier)
#----------------------------------------------------------------
#
#    MODE: NON-AGGREGATE 
#
       #bytes #repetitions  t_min[usec]  t_max[usec]  t_avg[usec]
            0          100         2.69         2.70         2.70
            4          100     23720.00     23880.02     23830.00
            8          100     23840.00     23959.98     23929.96
           16          100     23720.00     23959.98     23829.97
           32          100         4.00         4.04         4.02
           64          100         3.97         4.02         4.00
          128          100     23959.96     24199.90     24139.90
          256          100     18240.06     18439.96     18360.00
          512          100         4.45         4.55         4.50
         1024          100         5.89         6.04         5.96
         2048          100     23640.03     23919.87     23809.97
         4096          100     21279.99     21360.02     21319.98
         8192          100     23680.01     23919.87     23819.89
        16384          100     23759.11     23999.77     23919.45
        32768          100     18359.87     18439.97     18389.99
        65536          100     20011.30     20170.12     20100.58
       131072          100      7660.27      8017.22      7868.46
       262144          100      1680.36      1759.99      1700.81
       524288           80      1547.20      1551.89      1548.86
      1048576           40      8381.59      8872.86      8710.22
      2097152           20     23858.27     25000.13     24424.58
      4194304           10     12193.68     12457.94     12347.46

#----------------------------------------------------------------
# Benchmarking Accumulate 
# #processes = 8 
#----------------------------------------------------------------
#
#    MODE: AGGREGATE 
#
       #bytes #repetitions  t_min[usec]  t_max[usec]  t_avg[usec]
            0         1000         0.05        24.01        13.02
            4         1000       360.01       392.00       377.50
            8         1000       360.00       408.00       378.00
           16         1000       340.01       396.01       365.51
           32         1000       340.01       396.00       362.50
           64         1000       356.01       384.01       366.51
          128         1000       364.01       384.02       372.51
          256         1000       336.02       372.01       353.01
          512         1000       360.01       384.02       373.01
         1024         1000       356.01       408.00       379.00
         2048         1000       356.02       404.00       371.01
         4096         1000       360.02       404.00       376.51
         8192         1000       359.98       408.00       374.51
        16384         1000       360.00       400.00       370.01
        32768         1000       360.06       388.01       376.07
        65536          640       700.17       751.75       725.31
       131072          320       288.42       449.99       356.35
       262144          160      1800.00      2124.90      1909.97
       524288           80      3601.81      3950.13      3775.72
      1048576           40      7601.13      8300.30      7987.71
      2097152           20     14411.33     17600.51     15979.67
      4194304           10     28842.93     31356.67     30061.10

#----------------------------------------------------------------
# Benchmarking Accumulate 
# #processes = 8 
#----------------------------------------------------------------
#
#    MODE: NON-AGGREGATE 
#
       #bytes #repetitions  t_min[usec]  t_max[usec]  t_avg[usec]
            0          100     17560.04     17800.00     17690.00
            4          100     24000.02     24359.91     24154.97
            8          100     23640.08     23999.94     23825.02
           16          100     23960.06     24240.02     24105.03
           32          100     28719.99     28959.87     28789.98
           64          100     27600.00     27839.95     27724.97
          128          100     23759.88     23999.91     23894.90
          256          100     23759.93     24119.89     23959.90
          512          100     23760.08     24079.92     23929.98
         1024          100     23960.01     24239.87     24044.98
         2048          100     23720.05     23919.89     23829.95
         4096          100     24000.00     24239.85     24069.97
         8192          100     23960.13     24199.86     24084.99
        16384          100     23960.02     24279.71     24104.84
        32768          100     24440.24     24679.56     24505.01
        65536          100     28960.04     29239.89     29109.10
       131072          100     23721.53     24000.30     23889.79
       262144          100     23920.27     24159.88     24049.81
       524288           80     24301.77     24549.93     24437.75
      1048576           40     27602.57     28378.06     27999.09
      2097152           20     22815.04     24018.98     23481.95
      4194304           10     42710.78     47229.24     45785.08


# All processes entering MPI_Finalize

