#------------------------------------------------------------
#    Intel(R) MPI Benchmarks 2019 Update 3, MPI-1 part    
#------------------------------------------------------------
# Date                  : Mon Dec  9 15:57:57 2019
# Machine               : x86_64
# System                : Linux
# Release               : 3.10.0-957.27.2.el7.x86_64
# Version               : #1 SMP Tue Jul 9 16:53:14 UTC 2019
# MPI Version           : 3.1
# MPI Thread Environment: 


# Calling sequence was: 

# ./IMB-MPI1 PingPong 

# Minimum message length in bytes:   0
# Maximum message length in bytes:   4194304
#
# MPI_Datatype                   :   MPI_BYTE 
# MPI_Datatype for reductions    :   MPI_FLOAT 
# MPI_Op                         :   MPI_SUM  
# 
# 

# List of Benchmarks to run:

# PingPong

#---------------------------------------------------
# Benchmarking PingPong 
# #processes = 2 
#---------------------------------------------------
       #bytes #repetitions      t[usec]   Mbytes/sec
            0         1000        20.94         0.00
            1         1000        21.19         0.05
            2         1000        21.27         0.09
            4         1000        21.22         0.19
            8         1000        21.27         0.38
           16         1000        21.34         0.75
           32         1000        21.60         1.48
           64         1000        22.60         2.83
          128         1000        23.93         5.35
          256         1000        25.98         9.85
          512         1000        28.82        17.77
         1024         1000        35.02        29.24
         2048         1000        85.58        23.93
         4096         1000       161.88        25.30
         8192         1000       166.25        49.27
        16384         1000       243.47        67.29
        32768         1000       259.20       126.42
        65536          640       565.42       115.91
       131072          320       732.17       179.02
       262144          160      1117.67       234.54
       524288           80      1886.08       277.98
      1048576           40      3258.58       321.79
      2097152           20      6418.48       326.74
      4194304           10     12594.00       333.04


# All processes entering MPI_Finalize

