[1575903514.458385] [tcn484:74391:0]         mxm.c:196  MXM  WARN  The 'ulimit -s' on the system is set to 'unlimited'. This may have negative performance implications. Please set the stack size to the default value (10240) 
[1575903514.452744] [tcn474:52585:0]         mxm.c:196  MXM  WARN  The 'ulimit -s' on the system is set to 'unlimited'. This may have negative performance implications. Please set the stack size to the default value (10240) 
[1575903514.460149] [tcn484:74391:0]         mxm.c:196  MXM  WARN  The 'ulimit -s' on the system is set to 'unlimited'. This may have negative performance implications. Please set the stack size to the default value (10240) 
[1575903514.454284] [tcn474:52585:0]         mxm.c:196  MXM  WARN  The 'ulimit -s' on the system is set to 'unlimited'. This may have negative performance implications. Please set the stack size to the default value (10240) 
#------------------------------------------------------------
#    Intel(R) MPI Benchmarks 2019 Update 3, MPI-1 part    
#------------------------------------------------------------
# Date                  : Mon Dec  9 15:58:34 2019
# Machine               : x86_64
# System                : Linux
# Release               : 3.10.0-957.27.2.el7.x86_64
# Version               : #1 SMP Tue Jul 9 16:53:14 UTC 2019
# MPI Version           : 3.1
# MPI Thread Environment: 


# Calling sequence was: 

# ./IMB-MPI1 PingPong 

# Minimum message length in bytes:   0
# Maximum message length in bytes:   4194304
#
# MPI_Datatype                   :   MPI_BYTE 
# MPI_Datatype for reductions    :   MPI_FLOAT 
# MPI_Op                         :   MPI_SUM  
# 
# 

# List of Benchmarks to run:

# PingPong

#---------------------------------------------------
# Benchmarking PingPong 
# #processes = 2 
#---------------------------------------------------
       #bytes #repetitions      t[usec]   Mbytes/sec
            0         1000         1.15         0.00
            1         1000         1.15         0.87
            2         1000         1.14         1.75
            4         1000         1.16         3.46
            8         1000         1.16         6.88
           16         1000         1.15        13.86
           32         1000         1.18        27.14
           64         1000         1.28        50.19
          128         1000         1.39        91.88
          256         1000         1.76       145.73
          512         1000         1.93       264.91
         1024         1000         2.22       460.71
         2048         1000         2.80       730.34
         4096         1000         4.36       939.94
         8192         1000         5.67      1443.87
        16384         1000         7.90      2074.83
        32768         1000        12.32      2659.75
        65536          640        22.32      2935.71
       131072          320        35.22      3721.01
       262144          160        54.14      4842.18
       524288           80        99.74      5256.43
      1048576           40       192.55      5445.63
      2097152           20       374.08      5606.23
      4194304           10       746.54      5618.34


# All processes entering MPI_Finalize

