100000 	 232.188123 
100000 	 233.341971 
100000 	 234.419949 
100000 	 232.425888 
100000 	 228.083478 
100000 	 227.841618 
100000 	 156.204546 
100000 	 232.170769 
100000 	 232.584679 
100000 	 129.439522 
300000 	 372.589798 
300000 	 620.978320 
300000 	 623.196267 
300000 	 606.459399 
300000 	 602.890541 
300000 	 606.328922 
300000 	 605.635622 
300000 	 590.211867 
300000 	 414.723753 
300000 	 406.386641 
500000 	 897.757878 
500000 	 870.569527 
500000 	 887.391551 
500000 	 894.359436 
500000 	 896.817840 
500000 	 535.144429 
500000 	 871.127075 
500000 	 895.810756 
500000 	 901.702262 
500000 	 897.469084 
700000 	 730.599515 
700000 	 1081.704664 
700000 	 1140.557992 
700000 	 1133.378757 
700000 	 1139.287589 
700000 	 1134.736391 
700000 	 1136.029797 
700000 	 1142.583051 
700000 	 1106.458593 
700000 	 1107.613706 
900000 	 2579.322861 
900000 	 1267.151858 
900000 	 2449.467418 
900000 	 2559.237017 
900000 	 2539.695392 
900000 	 831.123917 
900000 	 2586.692084 
900000 	 1199.228965 
900000 	 844.741063 
900000 	 2587.982639 
1100000 	 2629.814791 
1100000 	 1458.850507 
1100000 	 2619.554908 
1100000 	 2654.298451 
1100000 	 2650.370387 
1100000 	 2640.770248 
1100000 	 2634.799765 
1100000 	 2610.481301 
1100000 	 1455.909332 
1100000 	 2615.542606 
1300000 	 2680.173661 
1300000 	 2689.741975 
1300000 	 1525.269229 
1300000 	 2652.164760 
1300000 	 2654.632545 
1300000 	 1528.866368 
1300000 	 2667.398115 
1300000 	 1529.351357 
1300000 	 2678.463828 
1300000 	 2633.892224 
1500000 	 2696.720522 
1500000 	 1644.229278 
1500000 	 1643.558021 
1500000 	 2684.111350 
1500000 	 1641.133832 
1500000 	 1646.703874 
1500000 	 1641.959383 
1500000 	 2718.728349 
1500000 	 2689.237618 
1500000 	 2694.644509 
1700000 	 1749.382727 
1700000 	 2427.590782 
1700000 	 1749.690431 
1700000 	 2690.455167 
1700000 	 2717.875963 
1700000 	 2712.548040 
1700000 	 2685.906329 
1700000 	 1743.461031 
1700000 	 1745.830268 
1700000 	 1746.665272 
1900000 	 1631.177115 
1900000 	 2493.911392 
1900000 	 2504.108706 
1900000 	 2481.899991 
1900000 	 2469.385159 
1900000 	 2489.864273 
1900000 	 2494.881038 
1900000 	 1714.869346 
1900000 	 2458.012372 
1900000 	 2508.315068 
2100000 	 2554.929421 
2100000 	 2554.435663 
2100000 	 2569.225171 
2100000 	 2574.776015 
2100000 	 1734.320270 
2100000 	 1781.103020 
2100000 	 2534.927795 
2100000 	 2518.380866 
2100000 	 2559.190739 
2100000 	 2556.934522 
2300000 	 2584.947540 
2300000 	 2589.229683 
2300000 	 2595.497338 
2300000 	 2573.740964 
2300000 	 2570.561758 
2300000 	 2592.717372 
2300000 	 2556.607981 
2300000 	 2590.283422 
2300000 	 2577.497232 
2300000 	 2603.410258 
2500000 	 2605.326605 
2500000 	 2600.197044 
2500000 	 2603.268318 
2500000 	 2611.556645 
2500000 	 2561.819690 
2500000 	 2595.319396 
2500000 	 2593.957447 
2500000 	 2612.165811 
2500000 	 2603.819037 
2500000 	 2577.498835 
2700000 	 2621.876209 
2700000 	 2606.745006 
2700000 	 2633.160383 
2700000 	 2631.949556 
2700000 	 2620.627374 
2700000 	 2603.262920 
2700000 	 2619.104755 
2700000 	 2623.870896 
2700000 	 2612.449981 
2700000 	 2626.143918 
2900000 	 2629.829967 
2900000 	 2632.559696 
2900000 	 2605.987626 
2900000 	 2636.408476 
2900000 	 2621.111387 
2900000 	 2640.243738 
2900000 	 2632.923980 
2900000 	 2640.424276 
2900000 	 2632.787600 
2900000 	 2638.278156 
3100000 	 2657.361352 
3100000 	 2655.031991 
3100000 	 2663.490363 
3100000 	 2662.317299 
3100000 	 2658.326013 
3100000 	 2647.552454 
3100000 	 2622.942614 
3100000 	 2663.520938 
3100000 	 2657.131471 
3100000 	 2673.903579 
3300000 	 2677.744214 
3300000 	 2667.389960 
3300000 	 2663.102272 
3300000 	 2662.015525 
3300000 	 2644.697389 
3300000 	 2663.481257 
3300000 	 2664.578194 
3300000 	 2666.503916 
3300000 	 2664.737429 
3300000 	 2653.770059 
3500000 	 2704.172702 
3500000 	 2689.605444 
3500000 	 2711.816370 
3500000 	 2706.569109 
3500000 	 2683.720088 
3500000 	 2717.608279 
3500000 	 2715.766434 
3500000 	 2705.388445 
3500000 	 2718.169226 
3500000 	 2677.883996 
3700000 	 2694.240257 
3700000 	 2724.567843 
3700000 	 2679.837717 
3700000 	 2702.827967 
3700000 	 2684.982534 
3700000 	 2711.749525 
3700000 	 2699.613644 
3700000 	 2672.939319 
3700000 	 2681.324902 
3700000 	 2712.585674 
3900000 	 2747.888750 
3900000 	 2732.608698 
3900000 	 2746.463584 
3900000 	 2755.236848 
3900000 	 2739.239364 
3900000 	 2708.782658 
3900000 	 2755.619631 
3900000 	 2733.159486 
3900000 	 2732.957628 
3900000 	 2738.544487 
4100000 	 2725.886881 
4100000 	 2758.609146 
4100000 	 2776.106375 
4100000 	 2755.956628 
4100000 	 2725.712947 
4100000 	 2753.555146 
4100000 	 2738.358104 
4100000 	 2738.598752 
4100000 	 2719.290041 
4100000 	 2740.461117 
4300000 	 2758.560522 
4300000 	 2781.025996 
4300000 	 2743.075964 
4300000 	 2733.751041 
4300000 	 2750.930114 
4300000 	 2750.416252 
4300000 	 2748.540535 
4300000 	 2748.026867 
4300000 	 2742.264808 
4300000 	 2766.714095 
4500000 	 2737.509603 
4500000 	 2729.713178 
4500000 	 2762.839884 
4500000 	 2767.971806 
4500000 	 2754.426930 
4500000 	 2760.324120 
4500000 	 2754.575114 
4500000 	 2763.373321 
4500000 	 2759.536469 
4500000 	 2750.653491 
4700000 	 2759.897291 
4700000 	 2741.872233 
4700000 	 2756.672390 
4700000 	 2767.770069 
4700000 	 2763.202644 
4700000 	 2745.794103 
4700000 	 2774.421899 
4700000 	 2769.288293 
4700000 	 2756.953731 
4700000 	 2760.103824 
4900000 	 2755.712297 
4900000 	 2756.371756 
4900000 	 2744.811756 
4900000 	 2753.759132 
4900000 	 2768.388625 
4900000 	 2760.549573 
4900000 	 2734.898420 
4900000 	 2750.833009 
4900000 	 2769.775314 
4900000 	 2756.379449 
